Enemy Team:
Enemy 0 | LVL: 95 | SPD: 145.2 | Weakness: ['PHYSICAL'] | Toughness: 100
Enemy 1 | LVL: 95 | SPD: 158.4 | Weakness: ['PHYSICAL'] | Toughness: 160
Enemy 2 | LVL: 95 | SPD: 145.2 | Weakness: ['PHYSICAL'] | Toughness: 100

Player Team:
Sparxie E0 | FIRE-ELATION | DPS | POS:0
Dazzled by a Flowery World S1
Ever-Glorious Magical Girl (4-pc)
Rutilant Arena

YaoGuang E0 | PHYSICAL-ELATION | SUP1 | POS:1
When She Decided to See S1
Scholar lost in Erudition (4-pc)
Rutilant Arena

ElationMC E6 | LIGHTNING-ELATION | SUP2 | POS:2
Elation Brimming With Blessings S1
Eagle of Twilight Line (4-pc)
Broken Keel

Luocha E0 | IMAGINARY-ABUNDANCE | SUS | POS:3
Cruising in the Stellar Sea S5
Scholar lost in Erudition (4-pc)
Rutilant Arena

    PUNCH  > SharedPunchline: 0.0 -> 3.0 | Source: YaoGuangSkillPunch

Initial AV Adjustments

Initial Enemy Delays

==========COMBAT SIMULATION STARTED==========

<<< NEW TURN >>>
-   YaoGuang AV: 0.000 ENERGY: 90.000 MaxHP: 3515.711 CurrHp 3515.711
-   ElationMC AV: 7.527 ENERGY: 80.000 MaxHP: 3215.276 CurrHp 3215.276
-   Enemy 1 AV: 8.520 ENERGY: 0.000 MaxHP: 1000000.000 CurrHp 1000000.000
-   Luocha AV: 9.519 ENERGY: 50.000 MaxHP: 3764.424 CurrHp 3764.424
-   Enemy 0 AV: 14.259 ENERGY: 0.000 MaxHP: 1000000.000 CurrHp 1000000.000
-   Enemy 2 AV: 14.259 ENERGY: 0.000 MaxHP: 1000000.000 CurrHp 1000000.000
-   Aha AV: 17.042 ENERGY: 0.000 MaxHP: 0.000 CurrHp 0.000
-   Sparxie AV: 18.435 ENERGY: 80.000 MaxHP: 3291.540 CurrHp 3291.540

    TURN   - SparxieTech | Sparxie | DPS | NA attack | ['FIR'] | ['TECH'] | Scaling: ATK | TargetID: -1 | DMG/BREAK Splits: [0, 0]/[0, 0] | Energy Gained: 0

        ----------Char Buffs----------
        FloweryWorldCD | CD% | Stacks: 1 | Value: 0.480 | Remaining Turns: 1 | TickDown: DPS, PERM | Target: DPS | Affects: ['ALL']
        MagicalGirlCD | CD% | Stacks: 1 | Value: 0.160 | Remaining Turns: 1 | TickDown: DPS, PERM | Target: DPS | Affects: ['ALL']
        RutilantCR | CR% | Stacks: 1 | Value: 0.080 | Remaining Turns: 1 | TickDown: DPS, PERM | Target: DPS | Affects: ['ALL']
        BangerStartBattle | BANGER | Stacks: 1 | Value: 20.000 | Remaining Turns: 2 | TickDown: DPS, END | Target: DPS | Affects: ['ALL']
        SparxieTraceCR | CR% | Stacks: 1 | Value: 0.120 | Remaining Turns: 1 | TickDown: DPS, PERM | Target: DPS | Affects: ['ALL']
        SparxieTraceCD | CD% | Stacks: 1 | Value: 0.133 | Remaining Turns: 1 | TickDown: DPS, PERM | Target: DPS | Affects: ['ALL']
        SparxieTraceELA | Elation | Stacks: 1 | Value: 0.280 | Remaining Turns: 1 | TickDown: DPS, PERM | Target: DPS | Affects: ['ALL']
        YaoGuangTechElaBuff | Elation | Stacks: 1 | Value: 0.200 | Remaining Turns: 3 | TickDown: SUP1, START | Target: DPS | Affects: ['ALL']
        KeelCD(SUP2) | CD% | Stacks: 1 | Value: 0.100 | Remaining Turns: 1 | TickDown: DPS, PERM | Target: DPS | Affects: ['ALL']
        ElationTechELA | Elation | Stacks: 1 | Value: 0.200 | Remaining Turns: 3 | TickDown: SUP2, END | Target: DPS | Affects: ['ALL']
        SparxieATKtoELA | Elation | Stacks: 1 | Value: 0.550 | Remaining Turns: 1 | TickDown: DPS, START | Target: DPS | Affects: ['ALL']
        SparxiePunchtoCD | CD% | Stacks: 1 | Value: 0.000 | Remaining Turns: 1 | TickDown: DPS, START | Target: DPS | Affects: ['ALL']
        YaoGuangTalentELABuff | Elation | Stacks: 1 | Value: 2.300 | Remaining Turns: 3 | TickDown: SUP1, START | Target: DPS | Affects: ['ALL']
        ----------End of Buff List----------

        ----------Enemy Debuffs----------
        ----------End of Debuff List----------
        ----------Healing List----------
        ----------End of Healing List----------
    GAUGE  - Enemy 0 toughness reduced by 0.000
    RESULT - SparxieTech | Sparxie | DPS | DMG: 0.000 | ELADMG: 0.000 | Enemies Hit: [0] | Enemies Broken: [] | WB DMG: 0.000 | Energy: 0.000 | Amount HP Healed: 0.000 | Amount HP Lost: 0.000 | Sparxie Energy: 80/160
ERR    > 15.000 energy added to YaoGuang from DecidedToSeeERR | YaoGuang Energy: 105.000
ERR    > 39.432 energy added to YaoGuang from YaoGuangTech | YaoGuang Energy: 144.432
ACTION > [CHAR] TotalAV: 54.611 | TurnAV: 54.611 | YaoGuang | A-move
    PUNCH  > SharedPunchline: 3.0 -> 6.0 | Source: YaoGuangBasicPunch
    TURN   - YaoGuangBasic | YaoGuang | SUP1 | BLAST attack | ['PHY'] | ['BSC'] | Scaling: ATK | TargetID: 1 | DMG/BREAK Splits: [0.9, 0.3]/[10, 5] | Energy Gained: 30

        ----------Char Buffs----------
        DecidedToSeeSPD | SPD% | Stacks: 1 | Value: 0.180 | Remaining Turns: 1 | TickDown: SUP1, PERM | Target: SUP1 | Affects: ['ALL']
        GreatFortuneCR | CR% | Stacks: 1 | Value: 0.100 | Remaining Turns: 3 | TickDown: ALL, START | Target: SUP1 | Affects: ['ALL']
        GreatFortuneCD | CD% | Stacks: 1 | Value: 0.300 | Remaining Turns: 3 | TickDown: ALL, START | Target: SUP1 | Affects: ['ALL']
        GreatFortuneER | ERR% | Stacks: 1 | Value: 0.120 | Remaining Turns: 2 | TickDown: SUP1, START | Target: SUP1 | Affects: ['ALL']
        ScholarCR | CR% | Stacks: 1 | Value: 0.080 | Remaining Turns: 1 | TickDown: SUP1, PERM | Target: SUP1 | Affects: ['ALL']
        RutilantCR | CR% | Stacks: 1 | Value: 0.080 | Remaining Turns: 1 | TickDown: SUP1, PERM | Target: SUP1 | Affects: ['ALL']
        RutilantBonusDMG | DMG% | Stacks: 1 | Value: 0.200 | Remaining Turns: 1 | TickDown: SUP1, PERM | Target: SUP1 | Affects: ['BSC', 'SKL']
        BangerStartBattle | BANGER | Stacks: 1 | Value: 20.000 | Remaining Turns: 2 | TickDown: SUP1, END | Target: SUP1 | Affects: ['ALL']
        YaoGuangTraceCR | CR% | Stacks: 1 | Value: 0.187 | Remaining Turns: 1 | TickDown: SUP1, PERM | Target: SUP1 | Affects: ['ALL']
        YaoGuangTraceSPD | SPD | Stacks: 1 | Value: 9.000 | Remaining Turns: 1 | TickDown: SUP1, PERM | Target: SUP1 | Affects: ['ALL']
        YaoGuangTraceELA | Elation | Stacks: 1 | Value: 0.100 | Remaining Turns: 1 | TickDown: SUP1, PERM | Target: SUP1 | Affects: ['ALL']
        YaoGuangTechElaBuff | Elation | Stacks: 1 | Value: 0.200 | Remaining Turns: 2 | TickDown: SUP1, START | Target: SUP1 | Affects: ['ALL']
        YaoGuangTraceCD | CD% | Stacks: 1 | Value: 0.600 | Remaining Turns: 1 | TickDown: SUP1, PERM | Target: SUP1 | Affects: ['ALL']
        KeelCD(SUP2) | CD% | Stacks: 1 | Value: 0.100 | Remaining Turns: 1 | TickDown: SUP1, PERM | Target: SUP1 | Affects: ['ALL']
        ElationTechELA | Elation | Stacks: 1 | Value: 0.200 | Remaining Turns: 3 | TickDown: SUP2, END | Target: SUP1 | Affects: ['ALL']
        SparxiePunchtoCD | CD% | Stacks: 1 | Value: 0.000 | Remaining Turns: 1 | TickDown: DPS, START | Target: SUP1 | Affects: ['ALL']
        YaoGuangTalentELABuff | Elation | Stacks: 1 | Value: 2.300 | Remaining Turns: 2 | TickDown: SUP1, START | Target: SUP1 | Affects: ['ALL']
        ----------End of Buff List----------

        ----------Enemy Debuffs----------
        ----------End of Debuff List----------
        ----------Healing List----------
        ----------End of Healing List----------
    GAUGE  - Enemy 1 toughness reduced by 10.000
    GAUGE  - Enemy 0 toughness reduced by 5.000
    GAUGE  - Enemy 2 toughness reduced by 5.000
    RESULT - YaoGuangBasic | YaoGuang | SUP1 | DMG: 3694.403 | ELADMG: 0.000 | Enemies Hit: [1, 0, 2] | Enemies Broken: [] | WB DMG: 0.000 | Energy: 39.432 | Amount HP Healed: 0.000 | Amount HP Lost: 0.000 | YaoGuang Energy: 180/180
ULT    > YaoGuang used their ultimate
    PUNCH  > SharedPunchline: 3.0 -> 8.0 | Source: YaoGuangUltPunch
    TURN   - YaoGuangUlt | YaoGuang | SUP1 | NA attack | ['PHY'] | ['SKL'] | Scaling: ATK | TargetID: -1 | DMG/BREAK Splits: [0, 0]/[0, 0] | Energy Gained: 5

        ----------Char Buffs----------
        DecidedToSeeSPD | SPD% | Stacks: 1 | Value: 0.180 | Remaining Turns: 1 | TickDown: SUP1, PERM | Target: SUP1 | Affects: ['ALL']
        GreatFortuneCR | CR% | Stacks: 1 | Value: 0.100 | Remaining Turns: 3 | TickDown: ALL, START | Target: SUP1 | Affects: ['ALL']
        GreatFortuneCD | CD% | Stacks: 1 | Value: 0.300 | Remaining Turns: 3 | TickDown: ALL, START | Target: SUP1 | Affects: ['ALL']
        GreatFortuneER | ERR% | Stacks: 1 | Value: 0.120 | Remaining Turns: 3 | TickDown: SUP1, START | Target: SUP1 | Affects: ['ALL']
        ScholarCR | CR% | Stacks: 1 | Value: 0.080 | Remaining Turns: 1 | TickDown: SUP1, PERM | Target: SUP1 | Affects: ['ALL']
        ScholarDMG | DMG% | Stacks: 1 | Value: 0.200 | Remaining Turns: 1 | TickDown: SUP1, PERM | Target: SUP1 | Affects: ['SKL', 'ULT']
        RutilantCR | CR% | Stacks: 1 | Value: 0.080 | Remaining Turns: 1 | TickDown: SUP1, PERM | Target: SUP1 | Affects: ['ALL']
        RutilantBonusDMG | DMG% | Stacks: 1 | Value: 0.200 | Remaining Turns: 1 | TickDown: SUP1, PERM | Target: SUP1 | Affects: ['BSC', 'SKL']
        BangerStartBattle | BANGER | Stacks: 1 | Value: 20.000 | Remaining Turns: 2 | TickDown: SUP1, END | Target: SUP1 | Affects: ['ALL']
        YaoGuangTraceCR | CR% | Stacks: 1 | Value: 0.187 | Remaining Turns: 1 | TickDown: SUP1, PERM | Target: SUP1 | Affects: ['ALL']
        YaoGuangTraceSPD | SPD | Stacks: 1 | Value: 9.000 | Remaining Turns: 1 | TickDown: SUP1, PERM | Target: SUP1 | Affects: ['ALL']
        YaoGuangTraceELA | Elation | Stacks: 1 | Value: 0.100 | Remaining Turns: 1 | TickDown: SUP1, PERM | Target: SUP1 | Affects: ['ALL']
        YaoGuangTechElaBuff | Elation | Stacks: 1 | Value: 0.200 | Remaining Turns: 2 | TickDown: SUP1, START | Target: SUP1 | Affects: ['ALL']
        YaoGuangTraceCD | CD% | Stacks: 1 | Value: 0.600 | Remaining Turns: 1 | TickDown: SUP1, PERM | Target: SUP1 | Affects: ['ALL']
        KeelCD(SUP2) | CD% | Stacks: 1 | Value: 0.100 | Remaining Turns: 1 | TickDown: SUP1, PERM | Target: SUP1 | Affects: ['ALL']
        ElationTechELA | Elation | Stacks: 1 | Value: 0.200 | Remaining Turns: 3 | TickDown: SUP2, END | Target: SUP1 | Affects: ['ALL']
        SparxiePunchtoCD | CD% | Stacks: 1 | Value: 0.000 | Remaining Turns: 1 | TickDown: DPS, START | Target: SUP1 | Affects: ['ALL']
        YaoGuangTalentELABuff | Elation | Stacks: 1 | Value: 2.300 | Remaining Turns: 2 | TickDown: SUP1, START | Target: SUP1 | Affects: ['ALL']
        ScholarBonusDMG | DMG% | Stacks: 1 | Value: 0.250 | Remaining Turns: 2 | TickDown: SUP1, START | Target: SUP1 | Affects: ['SKL']
        YaoGuangUltResPen | PEN | Stacks: 1 | Value: 0.200 | Remaining Turns: 3 | TickDown: SUP1, START | Target: SUP1 | Affects: ['ALL']
        ----------End of Buff List----------

        ----------Enemy Debuffs----------
        ----------End of Debuff List----------
        ----------Healing List----------
        ----------End of Healing List----------
    GAUGE  - Enemy 0 toughness reduced by 0.000
    RESULT - YaoGuangUlt | YaoGuang | SUP1 | DMG: 0.000 | ELADMG: 0.000 | Enemies Hit: [0] | Enemies Broken: [] | WB DMG: 0.000 | Energy: 6.572 | Amount HP Healed: 0.000 | Amount HP Lost: 0.000 | YaoGuang Energy: 7/180
    TURN   - AhaYaoGuangGoGo | Aha | SUP1 | NA attack | ['QUA'] | ['ALL'] | Scaling: ATK | TargetID: -1 | DMG/BREAK Splits: [0, 0]/[0, 0] | Energy Gained: 0

        ----------Char Buffs----------
        DecidedToSeeSPD | SPD% | Stacks: 1 | Value: 0.180 | Remaining Turns: 1 | TickDown: SUP1, PERM | Target: SUP1 | Affects: ['ALL']
        GreatFortuneCR | CR% | Stacks: 1 | Value: 0.100 | Remaining Turns: 3 | TickDown: ALL, START | Target: SUP1 | Affects: ['ALL']
        GreatFortuneCD | CD% | Stacks: 1 | Value: 0.300 | Remaining Turns: 3 | TickDown: ALL, START | Target: SUP1 | Affects: ['ALL']
        GreatFortuneER | ERR% | Stacks: 1 | Value: 0.120 | Remaining Turns: 3 | TickDown: SUP1, START | Target: SUP1 | Affects: ['ALL']
        ScholarCR | CR% | Stacks: 1 | Value: 0.080 | Remaining Turns: 1 | TickDown: SUP1, PERM | Target: SUP1 | Affects: ['ALL']
        ScholarDMG | DMG% | Stacks: 1 | Value: 0.200 | Remaining Turns: 1 | TickDown: SUP1, PERM | Target: SUP1 | Affects: ['SKL', 'ULT']
        RutilantCR | CR% | Stacks: 1 | Value: 0.080 | Remaining Turns: 1 | TickDown: SUP1, PERM | Target: SUP1 | Affects: ['ALL']
        RutilantBonusDMG | DMG% | Stacks: 1 | Value: 0.200 | Remaining Turns: 1 | TickDown: SUP1, PERM | Target: SUP1 | Affects: ['BSC', 'SKL']
        BangerStartBattle | BANGER | Stacks: 1 | Value: 20.000 | Remaining Turns: 2 | TickDown: SUP1, END | Target: SUP1 | Affects: ['ALL']
        YaoGuangTraceCR | CR% | Stacks: 1 | Value: 0.187 | Remaining Turns: 1 | TickDown: SUP1, PERM | Target: SUP1 | Affects: ['ALL']
        YaoGuangTraceSPD | SPD | Stacks: 1 | Value: 9.000 | Remaining Turns: 1 | TickDown: SUP1, PERM | Target: SUP1 | Affects: ['ALL']
        YaoGuangTraceELA | Elation | Stacks: 1 | Value: 0.100 | Remaining Turns: 1 | TickDown: SUP1, PERM | Target: SUP1 | Affects: ['ALL']
        YaoGuangTechElaBuff | Elation | Stacks: 1 | Value: 0.200 | Remaining Turns: 2 | TickDown: SUP1, START | Target: SUP1 | Affects: ['ALL']
        YaoGuangTraceCD | CD% | Stacks: 1 | Value: 0.600 | Remaining Turns: 1 | TickDown: SUP1, PERM | Target: SUP1 | Affects: ['ALL']
        KeelCD(SUP2) | CD% | Stacks: 1 | Value: 0.100 | Remaining Turns: 1 | TickDown: SUP1, PERM | Target: SUP1 | Affects: ['ALL']
        ElationTechELA | Elation | Stacks: 1 | Value: 0.200 | Remaining Turns: 3 | TickDown: SUP2, END | Target: SUP1 | Affects: ['ALL']
        SparxiePunchtoCD | CD% | Stacks: 1 | Value: 0.000 | Remaining Turns: 1 | TickDown: DPS, START | Target: SUP1 | Affects: ['ALL']
        YaoGuangTalentELABuff | Elation | Stacks: 1 | Value: 2.300 | Remaining Turns: 2 | TickDown: SUP1, START | Target: SUP1 | Affects: ['ALL']
        ScholarBonusDMG | DMG% | Stacks: 1 | Value: 0.250 | Remaining Turns: 2 | TickDown: SUP1, START | Target: SUP1 | Affects: ['SKL']
        YaoGuangUltResPen | PEN | Stacks: 1 | Value: 0.200 | Remaining Turns: 3 | TickDown: SUP1, START | Target: SUP1 | Affects: ['ALL']
        ----------End of Buff List----------

        ----------Enemy Debuffs----------
        ----------End of Debuff List----------
        ----------Healing List----------
        ----------End of Healing List----------
    GAUGE  - Enemy 0 toughness reduced by 0.000
    RESULT - AhaYaoGuangGoGo | Aha | SUP1 | DMG: 0.000 | ELADMG: 0.000 | Enemies Hit: [0] | Enemies Broken: [] | WB DMG: 0.000 | Energy: 0.000 | Amount HP Healed: 0.000 | Amount HP Lost: 0.000 | YaoGuang Energy: 7/180
    PUNCH  > SharedPunchline: 8.0 -> 11.0 | Source: FixedAhaPunchRestore
    PUNCH  > SharedPunchline: 11.0 -> 14.0 | Source: FixedAhaPunchRestore
    TURN   - AhaElationMCGoGo | Aha | SUP2 | NA attack | ['QUA'] | ['ALL'] | Scaling: ATK | TargetID: -1 | DMG/BREAK Splits: [0, 0]/[0, 0] | Energy Gained: 0

        ----------Char Buffs----------
        YaoGuangTechElaBuff | Elation | Stacks: 1 | Value: 0.200 | Remaining Turns: 2 | TickDown: SUP1, START | Target: SUP2 | Affects: ['ALL']
        ElationBrimmingATK | ATK% | Stacks: 1 | Value: 0.200 | Remaining Turns: 1 | TickDown: SUP2, PERM | Target: SUP2 | Affects: ['ALL']
        EagleDMG | DMG% | Stacks: 1 | Value: 0.100 | Remaining Turns: 1 | TickDown: SUP2, PERM | Target: SUP2 | Affects: ['ALL']
        KeelEFFRES | ERS% | Stacks: 1 | Value: 0.100 | Remaining Turns: 1 | TickDown: SUP2, PERM | Target: SUP2 | Affects: ['ALL']
        KeelCD(SUP2) | CD% | Stacks: 1 | Value: 0.100 | Remaining Turns: 1 | TickDown: SUP2, PERM | Target: SUP2 | Affects: ['ALL']
        BangerStartBattle | BANGER | Stacks: 1 | Value: 20.000 | Remaining Turns: 2 | TickDown: SUP2, END | Target: SUP2 | Affects: ['ALL']
        ElationMCTraceCR | CR% | Stacks: 1 | Value: 0.120 | Remaining Turns: 1 | TickDown: SUP2, PERM | Target: SUP2 | Affects: ['ALL']
        ElationMCTraceCD | CD% | Stacks: 1 | Value: 0.133 | Remaining Turns: 1 | TickDown: SUP2, PERM | Target: SUP2 | Affects: ['ALL']
        ElationMCTraceATK | ATK% | Stacks: 1 | Value: 0.280 | Remaining Turns: 1 | TickDown: SUP2, PERM | Target: SUP2 | Affects: ['ALL']
        ElationMCTrace2CR | CR% | Stacks: 1 | Value: 0.150 | Remaining Turns: 1 | TickDown: SUP2, PERM | Target: SUP2 | Affects: ['ALL']
        ElationTechELA | Elation | Stacks: 1 | Value: 0.200 | Remaining Turns: 3 | TickDown: SUP2, END | Target: SUP2 | Affects: ['ALL']
        SparxiePunchtoCD | CD% | Stacks: 1 | Value: 0.000 | Remaining Turns: 1 | TickDown: DPS, START | Target: SUP2 | Affects: ['ALL']
        YaoGuangTalentELABuff | Elation | Stacks: 1 | Value: 2.300 | Remaining Turns: 2 | TickDown: SUP1, START | Target: SUP2 | Affects: ['ALL']
        SparxieATKtoELA | Elation | Stacks: 1 | Value: 0.600 | Remaining Turns: 1 | TickDown: SUP2, START | Target: SUP2 | Affects: ['ALL']
        YaoGuangUltResPen | PEN | Stacks: 1 | Value: 0.200 | Remaining Turns: 3 | TickDown: SUP1, START | Target: SUP2 | Affects: ['ALL']
        ----------End of Buff List----------

        ----------Enemy Debuffs----------
        ----------End of Debuff List----------
        ----------Healing List----------
        ----------End of Healing List----------
    GAUGE  - Enemy 0 toughness reduced by 0.000
    RESULT - AhaElationMCGoGo | Aha | SUP2 | DMG: 0.000 | ELADMG: 0.000 | Enemies Hit: [0] | Enemies Broken: [] | WB DMG: 0.000 | Energy: 0.000 | Amount HP Healed: 0.000 | Amount HP Lost: 0.000 | ElationMC Energy: 80/160
    TURN   - AhaSparxieGoGo | Aha | DPS | NA attack | ['QUA'] | ['ALL'] | Scaling: ATK | TargetID: -1 | DMG/BREAK Splits: [0, 0]/[0, 0] | Energy Gained: 0

        ----------Char Buffs----------
        FloweryWorldCD | CD% | Stacks: 1 | Value: 0.480 | Remaining Turns: 1 | TickDown: DPS, PERM | Target: DPS | Affects: ['ALL']
        MagicalGirlCD | CD% | Stacks: 1 | Value: 0.160 | Remaining Turns: 1 | TickDown: DPS, PERM | Target: DPS | Affects: ['ALL']
        MagicalGirlShredBanger | SHRED | Stacks: 1 | Value: 0.100 | Remaining Turns: 1 | TickDown: DPS, PERM | Target: DPS | Affects: ['ELABANGER']
        MagicalGirlShredPunch | SHRED | Stacks: 1 | Value: 0.100 | Remaining Turns: 1 | TickDown: DPS, PERM | Target: DPS | Affects: ['ELAPUNCH']
        RutilantCR | CR% | Stacks: 1 | Value: 0.080 | Remaining Turns: 1 | TickDown: DPS, PERM | Target: DPS | Affects: ['ALL']
        RutilantBonusDMG | DMG% | Stacks: 1 | Value: 0.200 | Remaining Turns: 1 | TickDown: DPS, PERM | Target: DPS | Affects: ['BSC', 'SKL']
        BangerStartBattle | BANGER | Stacks: 1 | Value: 20.000 | Remaining Turns: 2 | TickDown: DPS, END | Target: DPS | Affects: ['ALL']
        SparxieTraceCR | CR% | Stacks: 1 | Value: 0.120 | Remaining Turns: 1 | TickDown: DPS, PERM | Target: DPS | Affects: ['ALL']
        SparxieTraceCD | CD% | Stacks: 1 | Value: 0.133 | Remaining Turns: 1 | TickDown: DPS, PERM | Target: DPS | Affects: ['ALL']
        SparxieTraceELA | Elation | Stacks: 1 | Value: 0.280 | Remaining Turns: 1 | TickDown: DPS, PERM | Target: DPS | Affects: ['ALL']
        YaoGuangTechElaBuff | Elation | Stacks: 1 | Value: 0.200 | Remaining Turns: 2 | TickDown: SUP1, START | Target: DPS | Affects: ['ALL']
        KeelCD(SUP2) | CD% | Stacks: 1 | Value: 0.100 | Remaining Turns: 1 | TickDown: DPS, PERM | Target: DPS | Affects: ['ALL']
        ElationTechELA | Elation | Stacks: 1 | Value: 0.200 | Remaining Turns: 3 | TickDown: SUP2, END | Target: DPS | Affects: ['ALL']
        MagicalGirlShredPunchlineBanger | SHRED | Stacks: 1 | Value: 0.000 | Remaining Turns: 1 | TickDown: DPS, START | Target: DPS | Affects: ['ELABANGER']
        MagicalGirlShredPunchlinePunch | SHRED | Stacks: 1 | Value: 0.000 | Remaining Turns: 1 | TickDown: DPS, START | Target: DPS | Affects: ['ELAPUNCH']
        SparxieATKtoELA | Elation | Stacks: 1 | Value: 0.550 | Remaining Turns: 1 | TickDown: DPS, START | Target: DPS | Affects: ['ALL']
        SparxiePunchtoCD | CD% | Stacks: 1 | Value: 0.000 | Remaining Turns: 1 | TickDown: DPS, START | Target: DPS | Affects: ['ALL']
        YaoGuangTalentELABuff | Elation | Stacks: 1 | Value: 2.300 | Remaining Turns: 2 | TickDown: SUP1, START | Target: DPS | Affects: ['ALL']
        YaoGuangUltResPen | PEN | Stacks: 1 | Value: 0.200 | Remaining Turns: 3 | TickDown: SUP1, START | Target: DPS | Affects: ['ALL']
        ----------End of Buff List----------

        ----------Enemy Debuffs----------
        ----------End of Debuff List----------
        ----------Healing List----------
        ----------End of Healing List----------
    GAUGE  - Enemy 0 toughness reduced by 0.000
    RESULT - AhaSparxieGoGo | Aha | DPS | DMG: 0.000 | ELADMG: 0.000 | Enemies Hit: [0] | Enemies Broken: [] | WB DMG: 0.000 | Energy: 0.000 | Amount HP Healed: 0.000 | Amount HP Lost: 0.000 | Sparxie Energy: 80/160
    TURN   - AhaEndGoGo | Aha | DPS | NA attack | ['QUA'] | ['ALL'] | Scaling: ATK | TargetID: -1 | DMG/BREAK Splits: [0, 0]/[0, 0] | Energy Gained: 0

        ----------Char Buffs----------
        FloweryWorldCD | CD% | Stacks: 1 | Value: 0.480 | Remaining Turns: 1 | TickDown: DPS, PERM | Target: DPS | Affects: ['ALL']
        MagicalGirlCD | CD% | Stacks: 1 | Value: 0.160 | Remaining Turns: 1 | TickDown: DPS, PERM | Target: DPS | Affects: ['ALL']
        MagicalGirlShredBanger | SHRED | Stacks: 1 | Value: 0.100 | Remaining Turns: 1 | TickDown: DPS, PERM | Target: DPS | Affects: ['ELABANGER']
        MagicalGirlShredPunch | SHRED | Stacks: 1 | Value: 0.100 | Remaining Turns: 1 | TickDown: DPS, PERM | Target: DPS | Affects: ['ELAPUNCH']
        RutilantCR | CR% | Stacks: 1 | Value: 0.080 | Remaining Turns: 1 | TickDown: DPS, PERM | Target: DPS | Affects: ['ALL']
        RutilantBonusDMG | DMG% | Stacks: 1 | Value: 0.200 | Remaining Turns: 1 | TickDown: DPS, PERM | Target: DPS | Affects: ['BSC', 'SKL']
        BangerStartBattle | BANGER | Stacks: 1 | Value: 20.000 | Remaining Turns: 2 | TickDown: DPS, END | Target: DPS | Affects: ['ALL']
        SparxieTraceCR | CR% | Stacks: 1 | Value: 0.120 | Remaining Turns: 1 | TickDown: DPS, PERM | Target: DPS | Affects: ['ALL']
        SparxieTraceCD | CD% | Stacks: 1 | Value: 0.133 | Remaining Turns: 1 | TickDown: DPS, PERM | Target: DPS | Affects: ['ALL']
        SparxieTraceELA | Elation | Stacks: 1 | Value: 0.280 | Remaining Turns: 1 | TickDown: DPS, PERM | Target: DPS | Affects: ['ALL']
        YaoGuangTechElaBuff | Elation | Stacks: 1 | Value: 0.200 | Remaining Turns: 2 | TickDown: SUP1, START | Target: DPS | Affects: ['ALL']
        KeelCD(SUP2) | CD% | Stacks: 1 | Value: 0.100 | Remaining Turns: 1 | TickDown: DPS, PERM | Target: DPS | Affects: ['ALL']
        ElationTechELA | Elation | Stacks: 1 | Value: 0.200 | Remaining Turns: 3 | TickDown: SUP2, END | Target: DPS | Affects: ['ALL']
        MagicalGirlShredPunchlineBanger | SHRED | Stacks: 1 | Value: 0.000 | Remaining Turns: 1 | TickDown: DPS, START | Target: DPS | Affects: ['ELABANGER']
        MagicalGirlShredPunchlinePunch | SHRED | Stacks: 1 | Value: 0.000 | Remaining Turns: 1 | TickDown: DPS, START | Target: DPS | Affects: ['ELAPUNCH']
        SparxieATKtoELA | Elation | Stacks: 1 | Value: 0.550 | Remaining Turns: 1 | TickDown: DPS, START | Target: DPS | Affects: ['ALL']
        SparxiePunchtoCD | CD% | Stacks: 1 | Value: 0.000 | Remaining Turns: 1 | TickDown: DPS, START | Target: DPS | Affects: ['ALL']
        YaoGuangTalentELABuff | Elation | Stacks: 1 | Value: 2.300 | Remaining Turns: 2 | TickDown: SUP1, START | Target: DPS | Affects: ['ALL']
        YaoGuangUltResPen | PEN | Stacks: 1 | Value: 0.200 | Remaining Turns: 3 | TickDown: SUP1, START | Target: DPS | Affects: ['ALL']
        BangerELASkill | BANGER | Stacks: 1 | Value: 3.000 | Remaining Turns: 2 | TickDown: DPS, END | Target: DPS | Affects: ['ALL']
        ----------End of Buff List----------

        ----------Enemy Debuffs----------
        ----------End of Debuff List----------
        ----------Healing List----------
        ----------End of Healing List----------
    GAUGE  - Enemy 0 toughness reduced by 0.000
    RESULT - AhaEndGoGo | Aha | DPS | DMG: 0.000 | ELADMG: 0.000 | Enemies Hit: [0] | Enemies Broken: [] | WB DMG: 0.000 | Energy: 0.000 | Amount HP Healed: 0.000 | Amount HP Lost: 0.000 | Sparxie Energy: 80/160
    TURN   - YaoGuangELASkillAOE | YaoGuang | SUP1 | AOE attack | ['PHY'] | ['ELAPUNCH'] | Scaling: ELA | TargetID: 1 | DMG/BREAK Splits: [1.0, 0]/[20, 0] | Energy Gained: 5

        ----------Char Buffs----------
        DecidedToSeeSPD | SPD% | Stacks: 1 | Value: 0.180 | Remaining Turns: 1 | TickDown: SUP1, PERM | Target: SUP1 | Affects: ['ALL']
        GreatFortuneCR | CR% | Stacks: 1 | Value: 0.100 | Remaining Turns: 3 | TickDown: ALL, START | Target: SUP1 | Affects: ['ALL']
        GreatFortuneCD | CD% | Stacks: 1 | Value: 0.300 | Remaining Turns: 3 | TickDown: ALL, START | Target: SUP1 | Affects: ['ALL']
        GreatFortuneER | ERR% | Stacks: 1 | Value: 0.120 | Remaining Turns: 3 | TickDown: SUP1, START | Target: SUP1 | Affects: ['ALL']
        ScholarCR | CR% | Stacks: 1 | Value: 0.080 | Remaining Turns: 1 | TickDown: SUP1, PERM | Target: SUP1 | Affects: ['ALL']
        RutilantCR | CR% | Stacks: 1 | Value: 0.080 | Remaining Turns: 1 | TickDown: SUP1, PERM | Target: SUP1 | Affects: ['ALL']
        BangerStartBattle | BANGER | Stacks: 1 | Value: 20.000 | Remaining Turns: 2 | TickDown: SUP1, END | Target: SUP1 | Affects: ['ALL']
        YaoGuangTraceCR | CR% | Stacks: 1 | Value: 0.187 | Remaining Turns: 1 | TickDown: SUP1, PERM | Target: SUP1 | Affects: ['ALL']
        YaoGuangTraceSPD | SPD | Stacks: 1 | Value: 9.000 | Remaining Turns: 1 | TickDown: SUP1, PERM | Target: SUP1 | Affects: ['ALL']
        YaoGuangTraceELA | Elation | Stacks: 1 | Value: 0.100 | Remaining Turns: 1 | TickDown: SUP1, PERM | Target: SUP1 | Affects: ['ALL']
        YaoGuangTechElaBuff | Elation | Stacks: 1 | Value: 0.200 | Remaining Turns: 2 | TickDown: SUP1, START | Target: SUP1 | Affects: ['ALL']
        YaoGuangTraceCD | CD% | Stacks: 1 | Value: 0.600 | Remaining Turns: 1 | TickDown: SUP1, PERM | Target: SUP1 | Affects: ['ALL']
        KeelCD(SUP2) | CD% | Stacks: 1 | Value: 0.100 | Remaining Turns: 1 | TickDown: SUP1, PERM | Target: SUP1 | Affects: ['ALL']
        ElationTechELA | Elation | Stacks: 1 | Value: 0.200 | Remaining Turns: 3 | TickDown: SUP2, END | Target: SUP1 | Affects: ['ALL']
        SparxiePunchtoCD | CD% | Stacks: 1 | Value: 0.000 | Remaining Turns: 1 | TickDown: DPS, START | Target: SUP1 | Affects: ['ALL']
        YaoGuangTalentELABuff | Elation | Stacks: 1 | Value: 2.300 | Remaining Turns: 2 | TickDown: SUP1, START | Target: SUP1 | Affects: ['ALL']
        YaoGuangUltResPen | PEN | Stacks: 1 | Value: 0.200 | Remaining Turns: 3 | TickDown: SUP1, START | Target: SUP1 | Affects: ['ALL']
        BangerELASkill | BANGER | Stacks: 1 | Value: 3.000 | Remaining Turns: 3 | TickDown: SUP1, END | Target: SUP1 | Affects: ['ALL']
        ----------End of Buff List----------

        ----------Enemy Debuffs----------
        YaoGuangELASkillVUL | From: SUP1 | VULN | Stacks: 1 | Value: 0.160 | Remaining Turns: 3 | Target: 1 | Affects: ['ALL'] | DOT: False | Blast: False
        ElationMCELASkillVul | From: SUP2 | VULN | Stacks: 1 | Value: 0.100 | Remaining Turns: 2 | Target: 1 | Affects: ['ALL'] | DOT: False | Blast: False
        ----------End of Debuff List----------
        ----------Healing List----------
        ----------End of Healing List----------
    GAUGE  - Enemy 0 toughness reduced by 20.000
    GAUGE  - Enemy 1 toughness reduced by 20.000
    GAUGE  - Enemy 2 toughness reduced by 20.000
    RESULT - YaoGuangELASkillAOE | YaoGuang | SUP1 | DMG: 0.000 | ELADMG: 191286.914 | Enemies Hit: [0, 1, 2] | Enemies Broken: [] | WB DMG: 0.000 | Energy: 6.572 | Amount HP Healed: 0.000 | Amount HP Lost: 0.000 | YaoGuang Energy: 13/180
    TURN   - YaoGuangELASkillSINGLE | YaoGuang | SUP1 | ST attack | ['PHY'] | ['ELAPUNCH'] | Scaling: ELA | TargetID: 1 | DMG/BREAK Splits: [1.0, 0]/[25, 0] | Energy Gained: 0

        ----------Char Buffs----------
        DecidedToSeeSPD | SPD% | Stacks: 1 | Value: 0.180 | Remaining Turns: 1 | TickDown: SUP1, PERM | Target: SUP1 | Affects: ['ALL']
        GreatFortuneCR | CR% | Stacks: 1 | Value: 0.100 | Remaining Turns: 3 | TickDown: ALL, START | Target: SUP1 | Affects: ['ALL']
        GreatFortuneCD | CD% | Stacks: 1 | Value: 0.300 | Remaining Turns: 3 | TickDown: ALL, START | Target: SUP1 | Affects: ['ALL']
        GreatFortuneER | ERR% | Stacks: 1 | Value: 0.120 | Remaining Turns: 3 | TickDown: SUP1, START | Target: SUP1 | Affects: ['ALL']
        ScholarCR | CR% | Stacks: 1 | Value: 0.080 | Remaining Turns: 1 | TickDown: SUP1, PERM | Target: SUP1 | Affects: ['ALL']
        RutilantCR | CR% | Stacks: 1 | Value: 0.080 | Remaining Turns: 1 | TickDown: SUP1, PERM | Target: SUP1 | Affects: ['ALL']
        BangerStartBattle | BANGER | Stacks: 1 | Value: 20.000 | Remaining Turns: 2 | TickDown: SUP1, END | Target: SUP1 | Affects: ['ALL']
        YaoGuangTraceCR | CR% | Stacks: 1 | Value: 0.187 | Remaining Turns: 1 | TickDown: SUP1, PERM | Target: SUP1 | Affects: ['ALL']
        YaoGuangTraceSPD | SPD | Stacks: 1 | Value: 9.000 | Remaining Turns: 1 | TickDown: SUP1, PERM | Target: SUP1 | Affects: ['ALL']
        YaoGuangTraceELA | Elation | Stacks: 1 | Value: 0.100 | Remaining Turns: 1 | TickDown: SUP1, PERM | Target: SUP1 | Affects: ['ALL']
        YaoGuangTechElaBuff | Elation | Stacks: 1 | Value: 0.200 | Remaining Turns: 2 | TickDown: SUP1, START | Target: SUP1 | Affects: ['ALL']
        YaoGuangTraceCD | CD% | Stacks: 1 | Value: 0.600 | Remaining Turns: 1 | TickDown: SUP1, PERM | Target: SUP1 | Affects: ['ALL']
        KeelCD(SUP2) | CD% | Stacks: 1 | Value: 0.100 | Remaining Turns: 1 | TickDown: SUP1, PERM | Target: SUP1 | Affects: ['ALL']
        ElationTechELA | Elation | Stacks: 1 | Value: 0.200 | Remaining Turns: 3 | TickDown: SUP2, END | Target: SUP1 | Affects: ['ALL']
        SparxiePunchtoCD | CD% | Stacks: 1 | Value: 0.000 | Remaining Turns: 1 | TickDown: DPS, START | Target: SUP1 | Affects: ['ALL']
        YaoGuangTalentELABuff | Elation | Stacks: 1 | Value: 2.300 | Remaining Turns: 2 | TickDown: SUP1, START | Target: SUP1 | Affects: ['ALL']
        YaoGuangUltResPen | PEN | Stacks: 1 | Value: 0.200 | Remaining Turns: 3 | TickDown: SUP1, START | Target: SUP1 | Affects: ['ALL']
        BangerELASkill | BANGER | Stacks: 1 | Value: 3.000 | Remaining Turns: 3 | TickDown: SUP1, END | Target: SUP1 | Affects: ['ALL']
        ----------End of Buff List----------

        ----------Enemy Debuffs----------
        YaoGuangELASkillVUL | From: SUP1 | VULN | Stacks: 1 | Value: 0.160 | Remaining Turns: 3 | Target: 1 | Affects: ['ALL'] | DOT: False | Blast: False
        ElationMCELASkillVul | From: SUP2 | VULN | Stacks: 1 | Value: 0.100 | Remaining Turns: 2 | Target: 1 | Affects: ['ALL'] | DOT: False | Blast: False
        ----------End of Debuff List----------
        ----------Healing List----------
        ----------End of Healing List----------
    GAUGE  - Enemy 1 toughness reduced by 25.000
    RESULT - YaoGuangELASkillSINGLE | YaoGuang | SUP1 | DMG: 0.000 | ELADMG: 63762.305 | Enemies Hit: [1] | Enemies Broken: [] | WB DMG: 0.000 | Energy: 0.000 | Amount HP Healed: 0.000 | Amount HP Lost: 0.000 | YaoGuang Energy: 13/180
    TURN   - ElationMCELASkillBig | ElationMC | SUP2 | ST attack | ['LNG'] | ['ELAPUNCH'] | Scaling: ELA | TargetID: 1 | DMG/BREAK Splits: [5.28, 0]/[0, 0] | Energy Gained: 0

        ----------Char Buffs----------
        YaoGuangTechElaBuff | Elation | Stacks: 1 | Value: 0.200 | Remaining Turns: 2 | TickDown: SUP1, START | Target: SUP2 | Affects: ['ALL']
        ElationBrimmingATK | ATK% | Stacks: 1 | Value: 0.200 | Remaining Turns: 1 | TickDown: SUP2, PERM | Target: SUP2 | Affects: ['ALL']
        EagleDMG | DMG% | Stacks: 1 | Value: 0.100 | Remaining Turns: 1 | TickDown: SUP2, PERM | Target: SUP2 | Affects: ['ALL']
        KeelEFFRES | ERS% | Stacks: 1 | Value: 0.100 | Remaining Turns: 1 | TickDown: SUP2, PERM | Target: SUP2 | Affects: ['ALL']
        KeelCD(SUP2) | CD% | Stacks: 1 | Value: 0.100 | Remaining Turns: 1 | TickDown: SUP2, PERM | Target: SUP2 | Affects: ['ALL']
        BangerStartBattle | BANGER | Stacks: 1 | Value: 20.000 | Remaining Turns: 2 | TickDown: SUP2, END | Target: SUP2 | Affects: ['ALL']
        ElationMCTraceCR | CR% | Stacks: 1 | Value: 0.120 | Remaining Turns: 1 | TickDown: SUP2, PERM | Target: SUP2 | Affects: ['ALL']
        ElationMCTraceCD | CD% | Stacks: 1 | Value: 0.133 | Remaining Turns: 1 | TickDown: SUP2, PERM | Target: SUP2 | Affects: ['ALL']
        ElationMCTraceATK | ATK% | Stacks: 1 | Value: 0.280 | Remaining Turns: 1 | TickDown: SUP2, PERM | Target: SUP2 | Affects: ['ALL']
        ElationMCTrace2CR | CR% | Stacks: 1 | Value: 0.150 | Remaining Turns: 1 | TickDown: SUP2, PERM | Target: SUP2 | Affects: ['ALL']
        ElationTechELA | Elation | Stacks: 1 | Value: 0.200 | Remaining Turns: 3 | TickDown: SUP2, END | Target: SUP2 | Affects: ['ALL']
        SparxiePunchtoCD | CD% | Stacks: 1 | Value: 0.000 | Remaining Turns: 1 | TickDown: DPS, START | Target: SUP2 | Affects: ['ALL']
        YaoGuangTalentELABuff | Elation | Stacks: 1 | Value: 2.300 | Remaining Turns: 2 | TickDown: SUP1, START | Target: SUP2 | Affects: ['ALL']
        SparxieATKtoELA | Elation | Stacks: 1 | Value: 0.600 | Remaining Turns: 1 | TickDown: SUP2, START | Target: SUP2 | Affects: ['ALL']
        YaoGuangUltResPen | PEN | Stacks: 1 | Value: 0.200 | Remaining Turns: 3 | TickDown: SUP1, START | Target: SUP2 | Affects: ['ALL']
        ElationMCSkillTalentERR | ERR_F | Stacks: 1 | Value: 10.000 | Remaining Turns: 1 | TickDown: SUP2, START | Target: SUP2 | Affects: ['ALL']
        BangerELASkill | BANGER | Stacks: 1 | Value: 3.000 | Remaining Turns: 2 | TickDown: SUP2, END | Target: SUP2 | Affects: ['ALL']
        ----------End of Buff List----------

        ----------Enemy Debuffs----------
        YaoGuangELASkillVUL | From: SUP1 | VULN | Stacks: 1 | Value: 0.160 | Remaining Turns: 3 | Target: 1 | Affects: ['ALL'] | DOT: False | Blast: False
        ElationMCELASkillVul | From: SUP2 | VULN | Stacks: 1 | Value: 0.100 | Remaining Turns: 2 | Target: 1 | Affects: ['ALL'] | DOT: False | Blast: False
        ----------End of Debuff List----------
        ----------Healing List----------
        ----------End of Healing List----------
    GAUGE  - Enemy 1 toughness reduced by 0.000
    RESULT - ElationMCELASkillBig | ElationMC | SUP2 | DMG: 0.000 | ELADMG: 216986.653 | Enemies Hit: [1] | Enemies Broken: [] | WB DMG: 0.000 | Energy: 0.000 | Amount HP Healed: 0.000 | Amount HP Lost: 0.000 | ElationMC Energy: 80/160
    TURN   - ElationMCELASkillSmall | ElationMC | SUP2 | AOE attack | ['LNG'] | ['ELAPUNCH'] | Scaling: ELA | TargetID: 1 | DMG/BREAK Splits: [0.22, 0]/[20, 0] | Energy Gained: 5

        ----------Char Buffs----------
        YaoGuangTechElaBuff | Elation | Stacks: 1 | Value: 0.200 | Remaining Turns: 2 | TickDown: SUP1, START | Target: SUP2 | Affects: ['ALL']
        ElationBrimmingATK | ATK% | Stacks: 1 | Value: 0.200 | Remaining Turns: 1 | TickDown: SUP2, PERM | Target: SUP2 | Affects: ['ALL']
        EagleDMG | DMG% | Stacks: 1 | Value: 0.100 | Remaining Turns: 1 | TickDown: SUP2, PERM | Target: SUP2 | Affects: ['ALL']
        KeelEFFRES | ERS% | Stacks: 1 | Value: 0.100 | Remaining Turns: 1 | TickDown: SUP2, PERM | Target: SUP2 | Affects: ['ALL']
        KeelCD(SUP2) | CD% | Stacks: 1 | Value: 0.100 | Remaining Turns: 1 | TickDown: SUP2, PERM | Target: SUP2 | Affects: ['ALL']
        BangerStartBattle | BANGER | Stacks: 1 | Value: 20.000 | Remaining Turns: 2 | TickDown: SUP2, END | Target: SUP2 | Affects: ['ALL']
        ElationMCTraceCR | CR% | Stacks: 1 | Value: 0.120 | Remaining Turns: 1 | TickDown: SUP2, PERM | Target: SUP2 | Affects: ['ALL']
        ElationMCTraceCD | CD% | Stacks: 1 | Value: 0.133 | Remaining Turns: 1 | TickDown: SUP2, PERM | Target: SUP2 | Affects: ['ALL']
        ElationMCTraceATK | ATK% | Stacks: 1 | Value: 0.280 | Remaining Turns: 1 | TickDown: SUP2, PERM | Target: SUP2 | Affects: ['ALL']
        ElationMCTrace2CR | CR% | Stacks: 1 | Value: 0.150 | Remaining Turns: 1 | TickDown: SUP2, PERM | Target: SUP2 | Affects: ['ALL']
        ElationTechELA | Elation | Stacks: 1 | Value: 0.200 | Remaining Turns: 3 | TickDown: SUP2, END | Target: SUP2 | Affects: ['ALL']
        SparxiePunchtoCD | CD% | Stacks: 1 | Value: 0.000 | Remaining Turns: 1 | TickDown: DPS, START | Target: SUP2 | Affects: ['ALL']
        YaoGuangTalentELABuff | Elation | Stacks: 1 | Value: 2.300 | Remaining Turns: 2 | TickDown: SUP1, START | Target: SUP2 | Affects: ['ALL']
        SparxieATKtoELA | Elation | Stacks: 1 | Value: 0.600 | Remaining Turns: 1 | TickDown: SUP2, START | Target: SUP2 | Affects: ['ALL']
        YaoGuangUltResPen | PEN | Stacks: 1 | Value: 0.200 | Remaining Turns: 3 | TickDown: SUP1, START | Target: SUP2 | Affects: ['ALL']
        ElationMCSkillTalentERR | ERR_F | Stacks: 1 | Value: 10.000 | Remaining Turns: 1 | TickDown: SUP2, START | Target: SUP2 | Affects: ['ALL']
        BangerELASkill | BANGER | Stacks: 1 | Value: 3.000 | Remaining Turns: 2 | TickDown: SUP2, END | Target: SUP2 | Affects: ['ALL']
        ----------End of Buff List----------

        ----------Enemy Debuffs----------
        YaoGuangELASkillVUL | From: SUP1 | VULN | Stacks: 1 | Value: 0.160 | Remaining Turns: 3 | Target: 1 | Affects: ['ALL'] | DOT: False | Blast: False
        ElationMCELASkillVul | From: SUP2 | VULN | Stacks: 1 | Value: 0.100 | Remaining Turns: 2 | Target: 1 | Affects: ['ALL'] | DOT: False | Blast: False
        ----------End of Debuff List----------
        ----------Healing List----------
        ----------End of Healing List----------
    GAUGE  - Enemy 0 toughness reduced by 0.000
    GAUGE  - Enemy 1 toughness reduced by 0.000
    GAUGE  - Enemy 2 toughness reduced by 0.000
    RESULT - ElationMCELASkillSmall | ElationMC | SUP2 | DMG: 0.000 | ELADMG: 27123.332 | Enemies Hit: [0, 1, 2] | Enemies Broken: [] | WB DMG: 0.000 | Energy: 5.972 | Amount HP Healed: 0.000 | Amount HP Lost: 0.000 | ElationMC Energy: 86/160
    TURN   - SparxieElaSkillBig | Sparxie | DPS | AOE attack | ['FIR'] | ['ELAPUNCH'] | Scaling: ELA | TargetID: -1 | DMG/BREAK Splits: [0.5, 0]/[6.67, 0] | Energy Gained: 5

        ----------Char Buffs----------
        FloweryWorldCD | CD% | Stacks: 1 | Value: 0.480 | Remaining Turns: 1 | TickDown: DPS, PERM | Target: DPS | Affects: ['ALL']
        MagicalGirlCD | CD% | Stacks: 1 | Value: 0.160 | Remaining Turns: 1 | TickDown: DPS, PERM | Target: DPS | Affects: ['ALL']
        MagicalGirlShredPunch | SHRED | Stacks: 1 | Value: 0.100 | Remaining Turns: 1 | TickDown: DPS, PERM | Target: DPS | Affects: ['ELAPUNCH']
        RutilantCR | CR% | Stacks: 1 | Value: 0.080 | Remaining Turns: 1 | TickDown: DPS, PERM | Target: DPS | Affects: ['ALL']
        BangerStartBattle | BANGER | Stacks: 1 | Value: 20.000 | Remaining Turns: 2 | TickDown: DPS, END | Target: DPS | Affects: ['ALL']
        SparxieTraceCR | CR% | Stacks: 1 | Value: 0.120 | Remaining Turns: 1 | TickDown: DPS, PERM | Target: DPS | Affects: ['ALL']
        SparxieTraceCD | CD% | Stacks: 1 | Value: 0.133 | Remaining Turns: 1 | TickDown: DPS, PERM | Target: DPS | Affects: ['ALL']
        SparxieTraceELA | Elation | Stacks: 1 | Value: 0.280 | Remaining Turns: 1 | TickDown: DPS, PERM | Target: DPS | Affects: ['ALL']
        YaoGuangTechElaBuff | Elation | Stacks: 1 | Value: 0.200 | Remaining Turns: 2 | TickDown: SUP1, START | Target: DPS | Affects: ['ALL']
        KeelCD(SUP2) | CD% | Stacks: 1 | Value: 0.100 | Remaining Turns: 1 | TickDown: DPS, PERM | Target: DPS | Affects: ['ALL']
        ElationTechELA | Elation | Stacks: 1 | Value: 0.200 | Remaining Turns: 3 | TickDown: SUP2, END | Target: DPS | Affects: ['ALL']
        MagicalGirlShredPunchlinePunch | SHRED | Stacks: 1 | Value: 0.000 | Remaining Turns: 1 | TickDown: DPS, START | Target: DPS | Affects: ['ELAPUNCH']
        SparxieATKtoELA | Elation | Stacks: 1 | Value: 0.550 | Remaining Turns: 1 | TickDown: DPS, START | Target: DPS | Affects: ['ALL']
        SparxiePunchtoCD | CD% | Stacks: 1 | Value: 0.000 | Remaining Turns: 1 | TickDown: DPS, START | Target: DPS | Affects: ['ALL']
        YaoGuangTalentELABuff | Elation | Stacks: 1 | Value: 2.300 | Remaining Turns: 2 | TickDown: SUP1, START | Target: DPS | Affects: ['ALL']
        YaoGuangUltResPen | PEN | Stacks: 1 | Value: 0.200 | Remaining Turns: 3 | TickDown: SUP1, START | Target: DPS | Affects: ['ALL']
        BangerELASkill | BANGER | Stacks: 1 | Value: 3.000 | Remaining Turns: 2 | TickDown: DPS, END | Target: DPS | Affects: ['ALL']
        ----------End of Buff List----------

        ----------Enemy Debuffs----------
        ----------End of Debuff List----------
        ----------Healing List----------
        ----------End of Healing List----------
    GAUGE  - Enemy 0 toughness reduced by 0.000
    GAUGE  - Enemy 1 toughness reduced by 0.000
    GAUGE  - Enemy 2 toughness reduced by 0.000
    RESULT - SparxieElaSkillBig | Sparxie | DPS | DMG: 0.000 | ELADMG: 78479.269 | Enemies Hit: [0, 1, 2] | Enemies Broken: [] | WB DMG: 0.000 | Energy: 5.000 | Amount HP Healed: 0.000 | Amount HP Lost: 0.000 | Sparxie Energy: 85/160
    TURN   - SparxieElaSkillSmall | Sparxie | DPS | ST attack | ['FIR'] | ['ELAPUNCH'] | Scaling: ELA | TargetID: -1 | DMG/BREAK Splits: [5.0, 0]/[33.4, 0] | Energy Gained: 0

        ----------Char Buffs----------
        FloweryWorldCD | CD% | Stacks: 1 | Value: 0.480 | Remaining Turns: 1 | TickDown: DPS, PERM | Target: DPS | Affects: ['ALL']
        MagicalGirlCD | CD% | Stacks: 1 | Value: 0.160 | Remaining Turns: 1 | TickDown: DPS, PERM | Target: DPS | Affects: ['ALL']
        MagicalGirlShredPunch | SHRED | Stacks: 1 | Value: 0.100 | Remaining Turns: 1 | TickDown: DPS, PERM | Target: DPS | Affects: ['ELAPUNCH']
        RutilantCR | CR% | Stacks: 1 | Value: 0.080 | Remaining Turns: 1 | TickDown: DPS, PERM | Target: DPS | Affects: ['ALL']
        BangerStartBattle | BANGER | Stacks: 1 | Value: 20.000 | Remaining Turns: 2 | TickDown: DPS, END | Target: DPS | Affects: ['ALL']
        SparxieTraceCR | CR% | Stacks: 1 | Value: 0.120 | Remaining Turns: 1 | TickDown: DPS, PERM | Target: DPS | Affects: ['ALL']
        SparxieTraceCD | CD% | Stacks: 1 | Value: 0.133 | Remaining Turns: 1 | TickDown: DPS, PERM | Target: DPS | Affects: ['ALL']
        SparxieTraceELA | Elation | Stacks: 1 | Value: 0.280 | Remaining Turns: 1 | TickDown: DPS, PERM | Target: DPS | Affects: ['ALL']
        YaoGuangTechElaBuff | Elation | Stacks: 1 | Value: 0.200 | Remaining Turns: 2 | TickDown: SUP1, START | Target: DPS | Affects: ['ALL']
        KeelCD(SUP2) | CD% | Stacks: 1 | Value: 0.100 | Remaining Turns: 1 | TickDown: DPS, PERM | Target: DPS | Affects: ['ALL']
        ElationTechELA | Elation | Stacks: 1 | Value: 0.200 | Remaining Turns: 3 | TickDown: SUP2, END | Target: DPS | Affects: ['ALL']
        MagicalGirlShredPunchlinePunch | SHRED | Stacks: 1 | Value: 0.000 | Remaining Turns: 1 | TickDown: DPS, START | Target: DPS | Affects: ['ELAPUNCH']
        SparxieATKtoELA | Elation | Stacks: 1 | Value: 0.550 | Remaining Turns: 1 | TickDown: DPS, START | Target: DPS | Affects: ['ALL']
        SparxiePunchtoCD | CD% | Stacks: 1 | Value: 0.000 | Remaining Turns: 1 | TickDown: DPS, START | Target: DPS | Affects: ['ALL']
        YaoGuangTalentELABuff | Elation | Stacks: 1 | Value: 2.300 | Remaining Turns: 2 | TickDown: SUP1, START | Target: DPS | Affects: ['ALL']
        YaoGuangUltResPen | PEN | Stacks: 1 | Value: 0.200 | Remaining Turns: 3 | TickDown: SUP1, START | Target: DPS | Affects: ['ALL']
        BangerELASkill | BANGER | Stacks: 1 | Value: 3.000 | Remaining Turns: 2 | TickDown: DPS, END | Target: DPS | Affects: ['ALL']
        ----------End of Buff List----------

        ----------Enemy Debuffs----------
        ----------End of Debuff List----------
        ----------Healing List----------
        ----------End of Healing List----------
    GAUGE  - Enemy 0 toughness reduced by 0.000
    RESULT - SparxieElaSkillSmall | Sparxie | DPS | DMG: 0.000 | ELADMG: 261597.562 | Enemies Hit: [0] | Enemies Broken: [] | WB DMG: 0.000 | Energy: 0.000 | Amount HP Healed: 0.000 | Amount HP Lost: 0.000 | Sparxie Energy: 85/160
ERR    > 10.000 energy added to ElationMC from ElationMCSkillTalentERR | ElationMC Energy: 95.972
AV     > YaoGuang AV reset to 54.611 | 183.112 SPD

<<< NEW TURN >>>
-   ElationMC AV: 0.000 ENERGY: 95.972 MaxHP: 3215.276 CurrHp 3215.276
-   Enemy 1 AV: 0.993 ENERGY: 0.000 MaxHP: 1000000.000 CurrHp 1000000.000
-   Luocha AV: 1.992 ENERGY: 50.000 MaxHP: 3764.424 CurrHp 3764.424
-   Enemy 0 AV: 6.732 ENERGY: 0.000 MaxHP: 1000000.000 CurrHp 1000000.000
-   Enemy 2 AV: 6.732 ENERGY: 0.000 MaxHP: 1000000.000 CurrHp 1000000.000
-   Aha AV: 9.515 ENERGY: 0.000 MaxHP: 0.000 CurrHp 0.000
-   Sparxie AV: 10.908 ENERGY: 85.000 MaxHP: 3291.540 CurrHp 3291.540
-   YaoGuang AV: 47.085 ENERGY: 13.144 MaxHP: 3515.711 CurrHp 3515.711

ACTION > [CHAR] TotalAV: 62.138 | TurnAV: 7.527 | ElationMC | E-move
        Buff SparxieATKtoELA expired
    TURN   - ElationMCSkill | ElationMC | SUP2 | AOE attack | ['LNG'] | ['SKL'] | Scaling: ATK | TargetID: 1 | DMG/BREAK Splits: [0.66, 0]/[20, 0] | Energy Gained: 30

        ----------Char Buffs----------
        YaoGuangTechElaBuff | Elation | Stacks: 1 | Value: 0.200 | Remaining Turns: 2 | TickDown: SUP1, START | Target: SUP2 | Affects: ['ALL']
        ElationBrimmingATK | ATK% | Stacks: 1 | Value: 0.200 | Remaining Turns: 1 | TickDown: SUP2, PERM | Target: SUP2 | Affects: ['ALL']
        EagleDMG | DMG% | Stacks: 1 | Value: 0.100 | Remaining Turns: 1 | TickDown: SUP2, PERM | Target: SUP2 | Affects: ['ALL']
        KeelEFFRES | ERS% | Stacks: 1 | Value: 0.100 | Remaining Turns: 1 | TickDown: SUP2, PERM | Target: SUP2 | Affects: ['ALL']
        KeelCD(SUP2) | CD% | Stacks: 1 | Value: 0.100 | Remaining Turns: 1 | TickDown: SUP2, PERM | Target: SUP2 | Affects: ['ALL']
        BangerStartBattle | BANGER | Stacks: 1 | Value: 20.000 | Remaining Turns: 2 | TickDown: SUP2, END | Target: SUP2 | Affects: ['ALL']
        ElationMCTraceCR | CR% | Stacks: 1 | Value: 0.120 | Remaining Turns: 1 | TickDown: SUP2, PERM | Target: SUP2 | Affects: ['ALL']
        ElationMCTraceCD | CD% | Stacks: 1 | Value: 0.133 | Remaining Turns: 1 | TickDown: SUP2, PERM | Target: SUP2 | Affects: ['ALL']
        ElationMCTraceATK | ATK% | Stacks: 1 | Value: 0.280 | Remaining Turns: 1 | TickDown: SUP2, PERM | Target: SUP2 | Affects: ['ALL']
        ElationMCTrace2CR | CR% | Stacks: 1 | Value: 0.150 | Remaining Turns: 1 | TickDown: SUP2, PERM | Target: SUP2 | Affects: ['ALL']
        ElationTechELA | Elation | Stacks: 1 | Value: 0.200 | Remaining Turns: 3 | TickDown: SUP2, END | Target: SUP2 | Affects: ['ALL']
        SparxiePunchtoCD | CD% | Stacks: 1 | Value: 0.240 | Remaining Turns: 1 | TickDown: DPS, START | Target: SUP2 | Affects: ['ALL']
        YaoGuangTalentELABuff | Elation | Stacks: 1 | Value: 2.300 | Remaining Turns: 3 | TickDown: SUP1, START | Target: SUP2 | Affects: ['ALL']
        YaoGuangUltResPen | PEN | Stacks: 1 | Value: 0.200 | Remaining Turns: 3 | TickDown: SUP1, START | Target: SUP2 | Affects: ['ALL']
        BangerELASkill | BANGER | Stacks: 1 | Value: 3.000 | Remaining Turns: 2 | TickDown: SUP2, END | Target: SUP2 | Affects: ['ALL']
        LuochaField | ATK% | Stacks: 1 | Value: 0.000 | Remaining Turns: 1 | TickDown: SUP2, PERM | Target: SUP2 | Affects: ['ALL']
        ElationMCSkillBanger | BANGER | Stacks: 1 | Value: 22.000 | Remaining Turns: 2 | TickDown: SUP2, END | Target: SUP2 | Affects: ['ALL']
        ElationMCSkillTalentERR | ERR_F | Stacks: 1 | Value: 10.000 | Remaining Turns: 1 | TickDown: SUP2, START | Target: SUP2 | Affects: ['ALL']
        ----------End of Buff List----------

        ----------Enemy Debuffs----------
        YaoGuangELASkillVUL | From: SUP1 | VULN | Stacks: 1 | Value: 0.160 | Remaining Turns: 3 | Target: 1 | Affects: ['ALL'] | DOT: False | Blast: False
        ElationMCELASkillVul | From: SUP2 | VULN | Stacks: 1 | Value: 0.100 | Remaining Turns: 2 | Target: 1 | Affects: ['ALL'] | DOT: False | Blast: False
        ----------End of Debuff List----------
        ----------Healing List----------
        ----------End of Healing List----------
    GAUGE  - Enemy 0 toughness reduced by 0.000
    GAUGE  - Enemy 1 toughness reduced by 0.000
    GAUGE  - Enemy 2 toughness reduced by 0.000
    RESULT - ElationMCSkill | ElationMC | SUP2 | DMG: 5284.481 | ELADMG: 0.000 | Enemies Hit: [0, 1, 2] | Enemies Broken: [] | WB DMG: 0.000 | Energy: 35.832 | Amount HP Healed: 0.000 | Amount HP Lost: 0.000 | ElationMC Energy: 132/160
    TURN   - YaoGuangTalentADDSP | YaoGuang | SUP1 | ST attack | ['PHY'] | ['ELABANGER'] | Scaling: ELA | TargetID: 1 | DMG/BREAK Splits: [0.4, 0]/[0, 0] | Energy Gained: 0

        ----------Char Buffs----------
        DecidedToSeeSPD | SPD% | Stacks: 1 | Value: 0.180 | Remaining Turns: 1 | TickDown: SUP1, PERM | Target: SUP1 | Affects: ['ALL']
        GreatFortuneCR | CR% | Stacks: 1 | Value: 0.100 | Remaining Turns: 3 | TickDown: ALL, START | Target: SUP1 | Affects: ['ALL']
        GreatFortuneCD | CD% | Stacks: 1 | Value: 0.300 | Remaining Turns: 3 | TickDown: ALL, START | Target: SUP1 | Affects: ['ALL']
        GreatFortuneER | ERR% | Stacks: 1 | Value: 0.120 | Remaining Turns: 3 | TickDown: SUP1, START | Target: SUP1 | Affects: ['ALL']
        ScholarCR | CR% | Stacks: 1 | Value: 0.080 | Remaining Turns: 1 | TickDown: SUP1, PERM | Target: SUP1 | Affects: ['ALL']
        RutilantCR | CR% | Stacks: 1 | Value: 0.080 | Remaining Turns: 1 | TickDown: SUP1, PERM | Target: SUP1 | Affects: ['ALL']
        BangerStartBattle | BANGER | Stacks: 1 | Value: 20.000 | Remaining Turns: 1 | TickDown: SUP1, END | Target: SUP1 | Affects: ['ALL']
        YaoGuangTraceCR | CR% | Stacks: 1 | Value: 0.187 | Remaining Turns: 1 | TickDown: SUP1, PERM | Target: SUP1 | Affects: ['ALL']
        YaoGuangTraceSPD | SPD | Stacks: 1 | Value: 9.000 | Remaining Turns: 1 | TickDown: SUP1, PERM | Target: SUP1 | Affects: ['ALL']
        YaoGuangTraceELA | Elation | Stacks: 1 | Value: 0.100 | Remaining Turns: 1 | TickDown: SUP1, PERM | Target: SUP1 | Affects: ['ALL']
        YaoGuangTechElaBuff | Elation | Stacks: 1 | Value: 0.200 | Remaining Turns: 2 | TickDown: SUP1, START | Target: SUP1 | Affects: ['ALL']
        YaoGuangTraceCD | CD% | Stacks: 1 | Value: 0.600 | Remaining Turns: 1 | TickDown: SUP1, PERM | Target: SUP1 | Affects: ['ALL']
        KeelCD(SUP2) | CD% | Stacks: 1 | Value: 0.100 | Remaining Turns: 1 | TickDown: SUP1, PERM | Target: SUP1 | Affects: ['ALL']
        ElationTechELA | Elation | Stacks: 1 | Value: 0.200 | Remaining Turns: 3 | TickDown: SUP2, END | Target: SUP1 | Affects: ['ALL']
        SparxiePunchtoCD | CD% | Stacks: 1 | Value: 0.240 | Remaining Turns: 1 | TickDown: DPS, START | Target: SUP1 | Affects: ['ALL']
        YaoGuangTalentELABuff | Elation | Stacks: 1 | Value: 2.300 | Remaining Turns: 3 | TickDown: SUP1, START | Target: SUP1 | Affects: ['ALL']
        YaoGuangUltResPen | PEN | Stacks: 1 | Value: 0.200 | Remaining Turns: 3 | TickDown: SUP1, START | Target: SUP1 | Affects: ['ALL']
        BangerELASkill | BANGER | Stacks: 1 | Value: 3.000 | Remaining Turns: 2 | TickDown: SUP1, END | Target: SUP1 | Affects: ['ALL']
        LuochaField | ATK% | Stacks: 1 | Value: 0.000 | Remaining Turns: 1 | TickDown: SUP1, PERM | Target: SUP1 | Affects: ['ALL']
        YaoGuangGreatBoonELA | Elation | Stacks: 1 | Value: 0.500 | Remaining Turns: 1 | TickDown: SUP1, START | Target: SUP1 | Affects: ['ELABANGER']
        ----------End of Buff List----------

        ----------Enemy Debuffs----------
        YaoGuangELASkillVUL | From: SUP1 | VULN | Stacks: 1 | Value: 0.160 | Remaining Turns: 3 | Target: 1 | Affects: ['ALL'] | DOT: False | Blast: False
        ElationMCELASkillVul | From: SUP2 | VULN | Stacks: 1 | Value: 0.100 | Remaining Turns: 2 | Target: 1 | Affects: ['ALL'] | DOT: False | Blast: False
        ----------End of Debuff List----------
        ----------Healing List----------
        ----------End of Healing List----------
    GAUGE  - Enemy 1 toughness reduced by 0.000
    RESULT - YaoGuangTalentADDSP | YaoGuang | SUP1 | DMG: 0.000 | ELADMG: 34841.813 | Enemies Hit: [1] | Enemies Broken: [] | WB DMG: 0.000 | Energy: 0.000 | Amount HP Healed: 0.000 | Amount HP Lost: 0.000 | YaoGuang Energy: 13/180
    TURN   - ElationMCTalentSkill | ElationMC | SUP2 | AOE attack | ['LNG'] | ['ELABANGER'] | Scaling: ELA | TargetID: 1 | DMG/BREAK Splits: [0.33, 0]/[0, 0] | Energy Gained: 0

        ----------Char Buffs----------
        YaoGuangTechElaBuff | Elation | Stacks: 1 | Value: 0.200 | Remaining Turns: 2 | TickDown: SUP1, START | Target: SUP2 | Affects: ['ALL']
        ElationBrimmingATK | ATK% | Stacks: 1 | Value: 0.200 | Remaining Turns: 1 | TickDown: SUP2, PERM | Target: SUP2 | Affects: ['ALL']
        EagleDMG | DMG% | Stacks: 1 | Value: 0.100 | Remaining Turns: 1 | TickDown: SUP2, PERM | Target: SUP2 | Affects: ['ALL']
        KeelEFFRES | ERS% | Stacks: 1 | Value: 0.100 | Remaining Turns: 1 | TickDown: SUP2, PERM | Target: SUP2 | Affects: ['ALL']
        KeelCD(SUP2) | CD% | Stacks: 1 | Value: 0.100 | Remaining Turns: 1 | TickDown: SUP2, PERM | Target: SUP2 | Affects: ['ALL']
        BangerStartBattle | BANGER | Stacks: 1 | Value: 20.000 | Remaining Turns: 2 | TickDown: SUP2, END | Target: SUP2 | Affects: ['ALL']
        ElationMCTraceCR | CR% | Stacks: 1 | Value: 0.120 | Remaining Turns: 1 | TickDown: SUP2, PERM | Target: SUP2 | Affects: ['ALL']
        ElationMCTraceCD | CD% | Stacks: 1 | Value: 0.133 | Remaining Turns: 1 | TickDown: SUP2, PERM | Target: SUP2 | Affects: ['ALL']
        ElationMCTraceATK | ATK% | Stacks: 1 | Value: 0.280 | Remaining Turns: 1 | TickDown: SUP2, PERM | Target: SUP2 | Affects: ['ALL']
        ElationMCTrace2CR | CR% | Stacks: 1 | Value: 0.150 | Remaining Turns: 1 | TickDown: SUP2, PERM | Target: SUP2 | Affects: ['ALL']
        ElationTechELA | Elation | Stacks: 1 | Value: 0.200 | Remaining Turns: 3 | TickDown: SUP2, END | Target: SUP2 | Affects: ['ALL']
        SparxiePunchtoCD | CD% | Stacks: 1 | Value: 0.240 | Remaining Turns: 1 | TickDown: DPS, START | Target: SUP2 | Affects: ['ALL']
        YaoGuangTalentELABuff | Elation | Stacks: 1 | Value: 2.300 | Remaining Turns: 3 | TickDown: SUP1, START | Target: SUP2 | Affects: ['ALL']
        YaoGuangUltResPen | PEN | Stacks: 1 | Value: 0.200 | Remaining Turns: 3 | TickDown: SUP1, START | Target: SUP2 | Affects: ['ALL']
        BangerELASkill | BANGER | Stacks: 1 | Value: 3.000 | Remaining Turns: 2 | TickDown: SUP2, END | Target: SUP2 | Affects: ['ALL']
        LuochaField | ATK% | Stacks: 1 | Value: 0.000 | Remaining Turns: 1 | TickDown: SUP2, PERM | Target: SUP2 | Affects: ['ALL']
        ElationMCSkillBanger | BANGER | Stacks: 1 | Value: 22.000 | Remaining Turns: 2 | TickDown: SUP2, END | Target: SUP2 | Affects: ['ALL']
        ElationMCSkillTalentERR | ERR_F | Stacks: 1 | Value: 10.000 | Remaining Turns: 1 | TickDown: SUP2, START | Target: SUP2 | Affects: ['ALL']
        ----------End of Buff List----------

        ----------Enemy Debuffs----------
        YaoGuangELASkillVUL | From: SUP1 | VULN | Stacks: 1 | Value: 0.160 | Remaining Turns: 3 | Target: 1 | Affects: ['ALL'] | DOT: False | Blast: False
        ElationMCELASkillVul | From: SUP2 | VULN | Stacks: 1 | Value: 0.100 | Remaining Turns: 2 | Target: 1 | Affects: ['ALL'] | DOT: False | Blast: False
        ----------End of Debuff List----------
        ----------Healing List----------
        ----------End of Healing List----------
    GAUGE  - Enemy 0 toughness reduced by 0.000
    GAUGE  - Enemy 1 toughness reduced by 0.000
    GAUGE  - Enemy 2 toughness reduced by 0.000
    RESULT - ElationMCTalentSkill | ElationMC | SUP2 | DMG: 0.000 | ELADMG: 53137.777 | Enemies Hit: [0, 1, 2] | Enemies Broken: [] | WB DMG: 0.000 | Energy: 0.000 | Amount HP Healed: 0.000 | Amount HP Lost: 0.000 | ElationMC Energy: 132/160
ERR    > 10.000 energy added to ElationMC from ElationMCSkillTalentERR | ElationMC Energy: 141.804
AV     > ElationMC AV reset to 62.138 | 160.932 SPD

<<< NEW TURN >>>
-   Enemy 1 AV: 0.000 ENERGY: 0.000 MaxHP: 1000000.000 CurrHp 1000000.000
-   Luocha AV: 0.999 ENERGY: 50.000 MaxHP: 3764.424 CurrHp 3764.424
-   Enemy 0 AV: 5.739 ENERGY: 0.000 MaxHP: 1000000.000 CurrHp 1000000.000
-   Enemy 2 AV: 5.739 ENERGY: 0.000 MaxHP: 1000000.000 CurrHp 1000000.000
-   Aha AV: 8.522 ENERGY: 0.000 MaxHP: 0.000 CurrHp 0.000
-   Sparxie AV: 9.915 ENERGY: 85.000 MaxHP: 3291.540 CurrHp 3291.540
-   YaoGuang AV: 46.091 ENERGY: 13.144 MaxHP: 3515.711 CurrHp 3515.711
-   ElationMC AV: 61.145 ENERGY: 141.804 MaxHP: 3215.276 CurrHp 3215.276

ACTION > [ENEMY] TotalAV: 63.131 | TurnAV: 0.993 | Enemy 1 | 1 attacks
    CharEnergy - Sparxie: Hit 5.000 Total: 90.000 | YaoGuang: Hit 5.000 Total: 19.716 | ElationMC: Hit 5.000 Total: 147.776 | Luocha: Hit 5.000 Total: 55.972 |
AV     > Enemy 1 AV reset to 63.131 | 158.400 SPD

<<< NEW TURN >>>
-   Luocha AV: 0.000 ENERGY: 55.972 MaxHP: 3764.424 CurrHp 3764.424
-   Enemy 0 AV: 4.740 ENERGY: 0.000 MaxHP: 1000000.000 CurrHp 1000000.000
-   Enemy 2 AV: 4.740 ENERGY: 0.000 MaxHP: 1000000.000 CurrHp 1000000.000
-   Aha AV: 7.523 ENERGY: 0.000 MaxHP: 0.000 CurrHp 0.000
-   Sparxie AV: 8.916 ENERGY: 90.000 MaxHP: 3291.540 CurrHp 3291.540
-   YaoGuang AV: 45.092 ENERGY: 19.716 MaxHP: 3515.711 CurrHp 3515.711
-   ElationMC AV: 60.146 ENERGY: 147.776 MaxHP: 3215.276 CurrHp 3215.276
-   Enemy 1 AV: 62.132 ENERGY: 0.000 MaxHP: 1000000.000 CurrHp 1000000.000

ACTION > [CHAR] TotalAV: 64.131 | TurnAV: 0.999 | Luocha | A-move
    TURN   - LuochaAutohealERR | Luocha | SUS | NA attack | ['IMG'] | ['ALL'] | Scaling: ATK | TargetID: -1 | DMG/BREAK Splits: [0, 0]/[0, 0] | Energy Gained: 30

        ----------Char Buffs----------
        YaoGuangTechElaBuff | Elation | Stacks: 1 | Value: 0.200 | Remaining Turns: 2 | TickDown: SUP1, START | Target: SUS | Affects: ['ALL']
        KeelCD(SUP2) | CD% | Stacks: 1 | Value: 0.100 | Remaining Turns: 1 | TickDown: SUS, PERM | Target: SUS | Affects: ['ALL']
        ElationTechELA | Elation | Stacks: 1 | Value: 0.200 | Remaining Turns: 2 | TickDown: SUP2, END | Target: SUS | Affects: ['ALL']
        CruisingCR | CR% | Stacks: 1 | Value: 0.240 | Remaining Turns: 1 | TickDown: SUS, PERM | Target: SUS | Affects: ['ALL']
        CruisingATK | ATK% | Stacks: 1 | Value: 0.200 | Remaining Turns: 1 | TickDown: SUS, PERM | Target: SUS | Affects: ['ALL']
        ScholarCR | CR% | Stacks: 1 | Value: 0.080 | Remaining Turns: 1 | TickDown: SUS, PERM | Target: SUS | Affects: ['ALL']
        ScholarDMG | DMG% | Stacks: 1 | Value: 0.200 | Remaining Turns: 1 | TickDown: SUS, PERM | Target: SUS | Affects: ['SKL', 'ULT']
        RutilantCR | CR% | Stacks: 1 | Value: 0.080 | Remaining Turns: 1 | TickDown: SUS, PERM | Target: SUS | Affects: ['ALL']
        RutilantBonusDMG | DMG% | Stacks: 1 | Value: 0.200 | Remaining Turns: 1 | TickDown: SUS, PERM | Target: SUS | Affects: ['BSC', 'SKL']
        LuochaTraceATK | ATK% | Stacks: 1 | Value: 0.280 | Remaining Turns: 1 | TickDown: SUS, PERM | Target: SUS | Affects: ['ALL']
        LuochaTraceHP | HP% | Stacks: 1 | Value: 0.180 | Remaining Turns: 1 | TickDown: SUS, PERM | Target: SUS | Affects: ['ALL']
        LuochaTraceDEF | DEF% | Stacks: 1 | Value: 0.125 | Remaining Turns: 1 | TickDown: SUS, PERM | Target: SUS | Affects: ['ALL']
        SparxiePunchtoCD | CD% | Stacks: 1 | Value: 0.240 | Remaining Turns: 1 | TickDown: DPS, START | Target: SUS | Affects: ['ALL']
        YaoGuangTalentELABuff | Elation | Stacks: 1 | Value: 2.300 | Remaining Turns: 3 | TickDown: SUP1, START | Target: SUS | Affects: ['ALL']
        YaoGuangUltResPen | PEN | Stacks: 1 | Value: 0.200 | Remaining Turns: 3 | TickDown: SUP1, START | Target: SUS | Affects: ['ALL']
        LuochaField | ATK% | Stacks: 1 | Value: 0.000 | Remaining Turns: 1 | TickDown: SUS, PERM | Target: SUS | Affects: ['ALL']
        ----------End of Buff List----------

        ----------Enemy Debuffs----------
        ----------End of Debuff List----------
        ----------Healing List----------
        ----------End of Healing List----------
    GAUGE  - Enemy 0 toughness reduced by 0.000
    RESULT - LuochaAutohealERR | Luocha | SUS | DMG: 0.000 | ELADMG: 0.000 | Enemies Hit: [0] | Enemies Broken: [] | WB DMG: 0.000 | Energy: 35.832 | Amount HP Healed: 0.000 | Amount HP Lost: 0.000 | Luocha Energy: 92/100
    TURN   - LuochaBasic | Luocha | SUS | ST attack | ['IMG'] | ['BSC'] | Scaling: ATK | TargetID: 1 | DMG/BREAK Splits: [1.0, 0]/[10, 0] | Energy Gained: 20

        ----------Char Buffs----------
        YaoGuangTechElaBuff | Elation | Stacks: 1 | Value: 0.200 | Remaining Turns: 2 | TickDown: SUP1, START | Target: SUS | Affects: ['ALL']
        KeelCD(SUP2) | CD% | Stacks: 1 | Value: 0.100 | Remaining Turns: 1 | TickDown: SUS, PERM | Target: SUS | Affects: ['ALL']
        ElationTechELA | Elation | Stacks: 1 | Value: 0.200 | Remaining Turns: 2 | TickDown: SUP2, END | Target: SUS | Affects: ['ALL']
        CruisingCR | CR% | Stacks: 1 | Value: 0.240 | Remaining Turns: 1 | TickDown: SUS, PERM | Target: SUS | Affects: ['ALL']
        CruisingATK | ATK% | Stacks: 1 | Value: 0.200 | Remaining Turns: 1 | TickDown: SUS, PERM | Target: SUS | Affects: ['ALL']
        ScholarCR | CR% | Stacks: 1 | Value: 0.080 | Remaining Turns: 1 | TickDown: SUS, PERM | Target: SUS | Affects: ['ALL']
        RutilantCR | CR% | Stacks: 1 | Value: 0.080 | Remaining Turns: 1 | TickDown: SUS, PERM | Target: SUS | Affects: ['ALL']
        RutilantBonusDMG | DMG% | Stacks: 1 | Value: 0.200 | Remaining Turns: 1 | TickDown: SUS, PERM | Target: SUS | Affects: ['BSC', 'SKL']
        LuochaTraceATK | ATK% | Stacks: 1 | Value: 0.280 | Remaining Turns: 1 | TickDown: SUS, PERM | Target: SUS | Affects: ['ALL']
        LuochaTraceHP | HP% | Stacks: 1 | Value: 0.180 | Remaining Turns: 1 | TickDown: SUS, PERM | Target: SUS | Affects: ['ALL']
        LuochaTraceDEF | DEF% | Stacks: 1 | Value: 0.125 | Remaining Turns: 1 | TickDown: SUS, PERM | Target: SUS | Affects: ['ALL']
        SparxiePunchtoCD | CD% | Stacks: 1 | Value: 0.240 | Remaining Turns: 1 | TickDown: DPS, START | Target: SUS | Affects: ['ALL']
        YaoGuangTalentELABuff | Elation | Stacks: 1 | Value: 2.300 | Remaining Turns: 3 | TickDown: SUP1, START | Target: SUS | Affects: ['ALL']
        YaoGuangUltResPen | PEN | Stacks: 1 | Value: 0.200 | Remaining Turns: 3 | TickDown: SUP1, START | Target: SUS | Affects: ['ALL']
        LuochaField | ATK% | Stacks: 1 | Value: 0.000 | Remaining Turns: 1 | TickDown: SUS, PERM | Target: SUS | Affects: ['ALL']
        ----------End of Buff List----------

        ----------Enemy Debuffs----------
        YaoGuangELASkillVUL | From: SUP1 | VULN | Stacks: 1 | Value: 0.160 | Remaining Turns: 2 | Target: 1 | Affects: ['ALL'] | DOT: False | Blast: False
        ElationMCELASkillVul | From: SUP2 | VULN | Stacks: 1 | Value: 0.100 | Remaining Turns: 1 | Target: 1 | Affects: ['ALL'] | DOT: False | Blast: False
        ----------End of Debuff List----------
        ----------Healing List----------
        ----------End of Healing List----------
    GAUGE  - Enemy 1 toughness reduced by 0.000
    RESULT - LuochaBasic | Luocha | SUS | DMG: 2850.884 | ELADMG: 0.000 | Enemies Hit: [1] | Enemies Broken: [] | WB DMG: 0.000 | Energy: 23.888 | Amount HP Healed: 0.000 | Amount HP Lost: 0.000 | Luocha Energy: 100/100
    TURN   - YaoGuangTalentADD | YaoGuang | SUP1 | ST attack | ['PHY'] | ['ELABANGER'] | Scaling: ELA | TargetID: 1 | DMG/BREAK Splits: [0.2, 0]/[0, 0] | Energy Gained: 0

        ----------Char Buffs----------
        DecidedToSeeSPD | SPD% | Stacks: 1 | Value: 0.180 | Remaining Turns: 1 | TickDown: SUP1, PERM | Target: SUP1 | Affects: ['ALL']
        GreatFortuneCR | CR% | Stacks: 1 | Value: 0.100 | Remaining Turns: 3 | TickDown: ALL, START | Target: SUP1 | Affects: ['ALL']
        GreatFortuneCD | CD% | Stacks: 1 | Value: 0.300 | Remaining Turns: 3 | TickDown: ALL, START | Target: SUP1 | Affects: ['ALL']
        GreatFortuneER | ERR% | Stacks: 1 | Value: 0.120 | Remaining Turns: 3 | TickDown: SUP1, START | Target: SUP1 | Affects: ['ALL']
        ScholarCR | CR% | Stacks: 1 | Value: 0.080 | Remaining Turns: 1 | TickDown: SUP1, PERM | Target: SUP1 | Affects: ['ALL']
        RutilantCR | CR% | Stacks: 1 | Value: 0.080 | Remaining Turns: 1 | TickDown: SUP1, PERM | Target: SUP1 | Affects: ['ALL']
        BangerStartBattle | BANGER | Stacks: 1 | Value: 20.000 | Remaining Turns: 1 | TickDown: SUP1, END | Target: SUP1 | Affects: ['ALL']
        YaoGuangTraceCR | CR% | Stacks: 1 | Value: 0.187 | Remaining Turns: 1 | TickDown: SUP1, PERM | Target: SUP1 | Affects: ['ALL']
        YaoGuangTraceSPD | SPD | Stacks: 1 | Value: 9.000 | Remaining Turns: 1 | TickDown: SUP1, PERM | Target: SUP1 | Affects: ['ALL']
        YaoGuangTraceELA | Elation | Stacks: 1 | Value: 0.100 | Remaining Turns: 1 | TickDown: SUP1, PERM | Target: SUP1 | Affects: ['ALL']
        YaoGuangTechElaBuff | Elation | Stacks: 1 | Value: 0.200 | Remaining Turns: 2 | TickDown: SUP1, START | Target: SUP1 | Affects: ['ALL']
        YaoGuangTraceCD | CD% | Stacks: 1 | Value: 0.600 | Remaining Turns: 1 | TickDown: SUP1, PERM | Target: SUP1 | Affects: ['ALL']
        KeelCD(SUP2) | CD% | Stacks: 1 | Value: 0.100 | Remaining Turns: 1 | TickDown: SUP1, PERM | Target: SUP1 | Affects: ['ALL']
        ElationTechELA | Elation | Stacks: 1 | Value: 0.200 | Remaining Turns: 2 | TickDown: SUP2, END | Target: SUP1 | Affects: ['ALL']
        SparxiePunchtoCD | CD% | Stacks: 1 | Value: 0.240 | Remaining Turns: 1 | TickDown: DPS, START | Target: SUP1 | Affects: ['ALL']
        YaoGuangTalentELABuff | Elation | Stacks: 1 | Value: 2.300 | Remaining Turns: 3 | TickDown: SUP1, START | Target: SUP1 | Affects: ['ALL']
        YaoGuangUltResPen | PEN | Stacks: 1 | Value: 0.200 | Remaining Turns: 3 | TickDown: SUP1, START | Target: SUP1 | Affects: ['ALL']
        BangerELASkill | BANGER | Stacks: 1 | Value: 3.000 | Remaining Turns: 2 | TickDown: SUP1, END | Target: SUP1 | Affects: ['ALL']
        LuochaField | ATK% | Stacks: 1 | Value: 0.000 | Remaining Turns: 1 | TickDown: SUP1, PERM | Target: SUP1 | Affects: ['ALL']
        YaoGuangGreatBoonELA | Elation | Stacks: 1 | Value: 0.500 | Remaining Turns: 1 | TickDown: SUP1, START | Target: SUP1 | Affects: ['ELABANGER']
        ----------End of Buff List----------

        ----------Enemy Debuffs----------
        YaoGuangELASkillVUL | From: SUP1 | VULN | Stacks: 1 | Value: 0.160 | Remaining Turns: 2 | Target: 1 | Affects: ['ALL'] | DOT: False | Blast: False
        ElationMCELASkillVul | From: SUP2 | VULN | Stacks: 1 | Value: 0.100 | Remaining Turns: 1 | Target: 1 | Affects: ['ALL'] | DOT: False | Blast: False
        ----------End of Debuff List----------
        ----------Healing List----------
        ----------End of Healing List----------
    GAUGE  - Enemy 1 toughness reduced by 0.000
    RESULT - YaoGuangTalentADD | YaoGuang | SUP1 | DMG: 0.000 | ELADMG: 17420.906 | Enemies Hit: [1] | Enemies Broken: [] | WB DMG: 0.000 | Energy: 0.000 | Amount HP Healed: 0.000 | Amount HP Lost: 0.000 | YaoGuang Energy: 20/180
ULT    > Luocha used their ultimate
    TURN   - LuochaUlt | Luocha | SUS | AOE attack | ['IMG'] | ['ULT'] | Scaling: ATK | TargetID: 1 | DMG/BREAK Splits: [2.0, 0]/[20, 0] | Energy Gained: 5

        ----------Char Buffs----------
        YaoGuangTechElaBuff | Elation | Stacks: 1 | Value: 0.200 | Remaining Turns: 2 | TickDown: SUP1, START | Target: SUS | Affects: ['ALL']
        KeelCD(SUP2) | CD% | Stacks: 1 | Value: 0.100 | Remaining Turns: 1 | TickDown: SUS, PERM | Target: SUS | Affects: ['ALL']
        ElationTechELA | Elation | Stacks: 1 | Value: 0.200 | Remaining Turns: 2 | TickDown: SUP2, END | Target: SUS | Affects: ['ALL']
        CruisingCR | CR% | Stacks: 1 | Value: 0.240 | Remaining Turns: 1 | TickDown: SUS, PERM | Target: SUS | Affects: ['ALL']
        CruisingATK | ATK% | Stacks: 1 | Value: 0.200 | Remaining Turns: 1 | TickDown: SUS, PERM | Target: SUS | Affects: ['ALL']
        ScholarCR | CR% | Stacks: 1 | Value: 0.080 | Remaining Turns: 1 | TickDown: SUS, PERM | Target: SUS | Affects: ['ALL']
        ScholarDMG | DMG% | Stacks: 1 | Value: 0.200 | Remaining Turns: 1 | TickDown: SUS, PERM | Target: SUS | Affects: ['SKL', 'ULT']
        RutilantCR | CR% | Stacks: 1 | Value: 0.080 | Remaining Turns: 1 | TickDown: SUS, PERM | Target: SUS | Affects: ['ALL']
        LuochaTraceATK | ATK% | Stacks: 1 | Value: 0.280 | Remaining Turns: 1 | TickDown: SUS, PERM | Target: SUS | Affects: ['ALL']
        LuochaTraceHP | HP% | Stacks: 1 | Value: 0.180 | Remaining Turns: 1 | TickDown: SUS, PERM | Target: SUS | Affects: ['ALL']
        LuochaTraceDEF | DEF% | Stacks: 1 | Value: 0.125 | Remaining Turns: 1 | TickDown: SUS, PERM | Target: SUS | Affects: ['ALL']
        SparxiePunchtoCD | CD% | Stacks: 1 | Value: 0.240 | Remaining Turns: 1 | TickDown: DPS, START | Target: SUS | Affects: ['ALL']
        YaoGuangTalentELABuff | Elation | Stacks: 1 | Value: 2.300 | Remaining Turns: 3 | TickDown: SUP1, START | Target: SUS | Affects: ['ALL']
        YaoGuangUltResPen | PEN | Stacks: 1 | Value: 0.200 | Remaining Turns: 3 | TickDown: SUP1, START | Target: SUS | Affects: ['ALL']
        LuochaField | ATK% | Stacks: 1 | Value: 0.000 | Remaining Turns: 1 | TickDown: SUS, PERM | Target: SUS | Affects: ['ALL']
        ----------End of Buff List----------

        ----------Enemy Debuffs----------
        YaoGuangELASkillVUL | From: SUP1 | VULN | Stacks: 1 | Value: 0.160 | Remaining Turns: 2 | Target: 1 | Affects: ['ALL'] | DOT: False | Blast: False
        ElationMCELASkillVul | From: SUP2 | VULN | Stacks: 1 | Value: 0.100 | Remaining Turns: 1 | Target: 1 | Affects: ['ALL'] | DOT: False | Blast: False
        ----------End of Debuff List----------
        ----------Healing List----------
        ----------End of Healing List----------
    GAUGE  - Enemy 0 toughness reduced by 0.000
    GAUGE  - Enemy 1 toughness reduced by 0.000
    GAUGE  - Enemy 2 toughness reduced by 0.000
    RESULT - LuochaUlt | Luocha | SUS | DMG: 17105.306 | ELADMG: 0.000 | Enemies Hit: [0, 1, 2] | Enemies Broken: [] | WB DMG: 0.000 | Energy: 5.972 | Amount HP Healed: 0.000 | Amount HP Lost: 0.000 | Luocha Energy: 6/100
    TURN   - YaoGuangTalentADD | YaoGuang | SUP1 | ST attack | ['PHY'] | ['ELABANGER'] | Scaling: ELA | TargetID: 1 | DMG/BREAK Splits: [0.2, 0]/[0, 0] | Energy Gained: 0

        ----------Char Buffs----------
        DecidedToSeeSPD | SPD% | Stacks: 1 | Value: 0.180 | Remaining Turns: 1 | TickDown: SUP1, PERM | Target: SUP1 | Affects: ['ALL']
        GreatFortuneCR | CR% | Stacks: 1 | Value: 0.100 | Remaining Turns: 3 | TickDown: ALL, START | Target: SUP1 | Affects: ['ALL']
        GreatFortuneCD | CD% | Stacks: 1 | Value: 0.300 | Remaining Turns: 3 | TickDown: ALL, START | Target: SUP1 | Affects: ['ALL']
        GreatFortuneER | ERR% | Stacks: 1 | Value: 0.120 | Remaining Turns: 3 | TickDown: SUP1, START | Target: SUP1 | Affects: ['ALL']
        ScholarCR | CR% | Stacks: 1 | Value: 0.080 | Remaining Turns: 1 | TickDown: SUP1, PERM | Target: SUP1 | Affects: ['ALL']
        RutilantCR | CR% | Stacks: 1 | Value: 0.080 | Remaining Turns: 1 | TickDown: SUP1, PERM | Target: SUP1 | Affects: ['ALL']
        BangerStartBattle | BANGER | Stacks: 1 | Value: 20.000 | Remaining Turns: 1 | TickDown: SUP1, END | Target: SUP1 | Affects: ['ALL']
        YaoGuangTraceCR | CR% | Stacks: 1 | Value: 0.187 | Remaining Turns: 1 | TickDown: SUP1, PERM | Target: SUP1 | Affects: ['ALL']
        YaoGuangTraceSPD | SPD | Stacks: 1 | Value: 9.000 | Remaining Turns: 1 | TickDown: SUP1, PERM | Target: SUP1 | Affects: ['ALL']
        YaoGuangTraceELA | Elation | Stacks: 1 | Value: 0.100 | Remaining Turns: 1 | TickDown: SUP1, PERM | Target: SUP1 | Affects: ['ALL']
        YaoGuangTechElaBuff | Elation | Stacks: 1 | Value: 0.200 | Remaining Turns: 2 | TickDown: SUP1, START | Target: SUP1 | Affects: ['ALL']
        YaoGuangTraceCD | CD% | Stacks: 1 | Value: 0.600 | Remaining Turns: 1 | TickDown: SUP1, PERM | Target: SUP1 | Affects: ['ALL']
        KeelCD(SUP2) | CD% | Stacks: 1 | Value: 0.100 | Remaining Turns: 1 | TickDown: SUP1, PERM | Target: SUP1 | Affects: ['ALL']
        ElationTechELA | Elation | Stacks: 1 | Value: 0.200 | Remaining Turns: 2 | TickDown: SUP2, END | Target: SUP1 | Affects: ['ALL']
        SparxiePunchtoCD | CD% | Stacks: 1 | Value: 0.240 | Remaining Turns: 1 | TickDown: DPS, START | Target: SUP1 | Affects: ['ALL']
        YaoGuangTalentELABuff | Elation | Stacks: 1 | Value: 2.300 | Remaining Turns: 3 | TickDown: SUP1, START | Target: SUP1 | Affects: ['ALL']
        YaoGuangUltResPen | PEN | Stacks: 1 | Value: 0.200 | Remaining Turns: 3 | TickDown: SUP1, START | Target: SUP1 | Affects: ['ALL']
        BangerELASkill | BANGER | Stacks: 1 | Value: 3.000 | Remaining Turns: 2 | TickDown: SUP1, END | Target: SUP1 | Affects: ['ALL']
        LuochaField | ATK% | Stacks: 1 | Value: 0.000 | Remaining Turns: 1 | TickDown: SUP1, PERM | Target: SUP1 | Affects: ['ALL']
        YaoGuangGreatBoonELA | Elation | Stacks: 1 | Value: 0.500 | Remaining Turns: 1 | TickDown: SUP1, START | Target: SUP1 | Affects: ['ELABANGER']
        ----------End of Buff List----------

        ----------Enemy Debuffs----------
        YaoGuangELASkillVUL | From: SUP1 | VULN | Stacks: 1 | Value: 0.160 | Remaining Turns: 2 | Target: 1 | Affects: ['ALL'] | DOT: False | Blast: False
        ElationMCELASkillVul | From: SUP2 | VULN | Stacks: 1 | Value: 0.100 | Remaining Turns: 1 | Target: 1 | Affects: ['ALL'] | DOT: False | Blast: False
        ----------End of Debuff List----------
        ----------Healing List----------
        ----------End of Healing List----------
    GAUGE  - Enemy 1 toughness reduced by 0.000
    RESULT - YaoGuangTalentADD | YaoGuang | SUP1 | DMG: 0.000 | ELADMG: 17420.906 | Enemies Hit: [1] | Enemies Broken: [] | WB DMG: 0.000 | Energy: 0.000 | Amount HP Healed: 0.000 | Amount HP Lost: 0.000 | YaoGuang Energy: 20/180
AV     > Luocha AV reset to 64.131 | 155.932 SPD

<<< NEW TURN >>>
-   Enemy 0 AV: 0.000 ENERGY: 0.000 MaxHP: 1000000.000 CurrHp 1000000.000
-   Enemy 2 AV: 0.000 ENERGY: 0.000 MaxHP: 1000000.000 CurrHp 1000000.000
-   Aha AV: 2.783 ENERGY: 0.000 MaxHP: 0.000 CurrHp 0.000
-   Sparxie AV: 4.175 ENERGY: 90.000 MaxHP: 3291.540 CurrHp 3291.540
-   YaoGuang AV: 40.352 ENERGY: 19.716 MaxHP: 3515.711 CurrHp 3515.711
-   ElationMC AV: 55.406 ENERGY: 147.776 MaxHP: 3215.276 CurrHp 3215.276
-   Enemy 1 AV: 57.392 ENERGY: 0.000 MaxHP: 1000000.000 CurrHp 1000000.000
-   Luocha AV: 59.391 ENERGY: 5.972 MaxHP: 3764.424 CurrHp 3764.424

ACTION > [ENEMY] TotalAV: 68.871 | TurnAV: 4.740 | Enemy 0 | 1 attacks
    CharEnergy - Sparxie: Hit 4.815 Total: 94.815 | YaoGuang: Hit 4.815 Total: 26.044 | ElationMC: Hit 0.000 Total: 147.776 | Luocha: Hit 4.815 Total: 11.723 |
AV     > Enemy 0 AV reset to 68.871 | 145.200 SPD

<<< NEW TURN >>>
-   Enemy 2 AV: 0.000 ENERGY: 0.000 MaxHP: 1000000.000 CurrHp 1000000.000
-   Aha AV: 2.783 ENERGY: 0.000 MaxHP: 0.000 CurrHp 0.000
-   Sparxie AV: 4.175 ENERGY: 94.815 MaxHP: 3291.540 CurrHp 3291.540
-   YaoGuang AV: 40.352 ENERGY: 26.044 MaxHP: 3515.711 CurrHp 3515.711
-   ElationMC AV: 55.406 ENERGY: 147.776 MaxHP: 3215.276 CurrHp 3215.276
-   Enemy 1 AV: 57.392 ENERGY: 0.000 MaxHP: 1000000.000 CurrHp 1000000.000
-   Luocha AV: 59.391 ENERGY: 11.723 MaxHP: 3764.424 CurrHp 3764.424
-   Enemy 0 AV: 68.871 ENERGY: 0.000 MaxHP: 1000000.000 CurrHp 1000000.000

ACTION > [ENEMY] TotalAV: 68.871 | TurnAV: 0.000 | Enemy 2 | 1 attacks
    CharEnergy - Sparxie: Hit 0.000 Total: 94.815 | YaoGuang: Hit 4.815 Total: 32.373 | ElationMC: Hit 4.815 Total: 153.527 | Luocha: Hit 0.000 Total: 11.723 |
AV     > Enemy 2 AV reset to 68.871 | 145.200 SPD

<<< NEW TURN >>>
-   Aha AV: 0.000 ENERGY: 0.000 MaxHP: 0.000 CurrHp 0.000
-   Sparxie AV: 1.393 ENERGY: 94.815 MaxHP: 3291.540 CurrHp 3291.540
-   YaoGuang AV: 37.569 ENERGY: 32.373 MaxHP: 3515.711 CurrHp 3515.711
-   ElationMC AV: 52.623 ENERGY: 153.527 MaxHP: 3215.276 CurrHp 3215.276
-   Enemy 1 AV: 54.609 ENERGY: 0.000 MaxHP: 1000000.000 CurrHp 1000000.000
-   Luocha AV: 56.608 ENERGY: 11.723 MaxHP: 3764.424 CurrHp 3764.424
-   Enemy 2 AV: 66.088 ENERGY: 0.000 MaxHP: 1000000.000 CurrHp 1000000.000
-   Enemy 0 AV: 66.088 ENERGY: 0.000 MaxHP: 1000000.000 CurrHp 1000000.000

ACTION > [SUMMON] TotalAV: 71.653 | TurnAV: 2.783 | Aha
    TURN   - AhaYaoGuangGoGo | Aha | SUP1 | NA attack | ['QUA'] | ['ALL'] | Scaling: ATK | TargetID: -1 | DMG/BREAK Splits: [0, 0]/[0, 0] | Energy Gained: 0

        ----------Char Buffs----------
        DecidedToSeeSPD | SPD% | Stacks: 1 | Value: 0.180 | Remaining Turns: 1 | TickDown: SUP1, PERM | Target: SUP1 | Affects: ['ALL']
        GreatFortuneCR | CR% | Stacks: 1 | Value: 0.100 | Remaining Turns: 3 | TickDown: ALL, START | Target: SUP1 | Affects: ['ALL']
        GreatFortuneCD | CD% | Stacks: 1 | Value: 0.300 | Remaining Turns: 3 | TickDown: ALL, START | Target: SUP1 | Affects: ['ALL']
        GreatFortuneER | ERR% | Stacks: 1 | Value: 0.120 | Remaining Turns: 3 | TickDown: SUP1, START | Target: SUP1 | Affects: ['ALL']
        ScholarCR | CR% | Stacks: 1 | Value: 0.080 | Remaining Turns: 1 | TickDown: SUP1, PERM | Target: SUP1 | Affects: ['ALL']
        ScholarDMG | DMG% | Stacks: 1 | Value: 0.200 | Remaining Turns: 1 | TickDown: SUP1, PERM | Target: SUP1 | Affects: ['SKL', 'ULT']
        RutilantCR | CR% | Stacks: 1 | Value: 0.080 | Remaining Turns: 1 | TickDown: SUP1, PERM | Target: SUP1 | Affects: ['ALL']
        RutilantBonusDMG | DMG% | Stacks: 1 | Value: 0.200 | Remaining Turns: 1 | TickDown: SUP1, PERM | Target: SUP1 | Affects: ['BSC', 'SKL']
        BangerStartBattle | BANGER | Stacks: 1 | Value: 20.000 | Remaining Turns: 1 | TickDown: SUP1, END | Target: SUP1 | Affects: ['ALL']
        YaoGuangTraceCR | CR% | Stacks: 1 | Value: 0.187 | Remaining Turns: 1 | TickDown: SUP1, PERM | Target: SUP1 | Affects: ['ALL']
        YaoGuangTraceSPD | SPD | Stacks: 1 | Value: 9.000 | Remaining Turns: 1 | TickDown: SUP1, PERM | Target: SUP1 | Affects: ['ALL']
        YaoGuangTraceELA | Elation | Stacks: 1 | Value: 0.100 | Remaining Turns: 1 | TickDown: SUP1, PERM | Target: SUP1 | Affects: ['ALL']
        YaoGuangTechElaBuff | Elation | Stacks: 1 | Value: 0.200 | Remaining Turns: 2 | TickDown: SUP1, START | Target: SUP1 | Affects: ['ALL']
        YaoGuangTraceCD | CD% | Stacks: 1 | Value: 0.600 | Remaining Turns: 1 | TickDown: SUP1, PERM | Target: SUP1 | Affects: ['ALL']
        KeelCD(SUP2) | CD% | Stacks: 1 | Value: 0.100 | Remaining Turns: 1 | TickDown: SUP1, PERM | Target: SUP1 | Affects: ['ALL']
        ElationTechELA | Elation | Stacks: 1 | Value: 0.200 | Remaining Turns: 2 | TickDown: SUP2, END | Target: SUP1 | Affects: ['ALL']
        SparxiePunchtoCD | CD% | Stacks: 1 | Value: 0.240 | Remaining Turns: 1 | TickDown: DPS, START | Target: SUP1 | Affects: ['ALL']
        YaoGuangTalentELABuff | Elation | Stacks: 1 | Value: 2.300 | Remaining Turns: 3 | TickDown: SUP1, START | Target: SUP1 | Affects: ['ALL']
        ScholarBonusDMG | DMG% | Stacks: 1 | Value: 0.250 | Remaining Turns: 2 | TickDown: SUP1, START | Target: SUP1 | Affects: ['SKL']
        YaoGuangUltResPen | PEN | Stacks: 1 | Value: 0.200 | Remaining Turns: 3 | TickDown: SUP1, START | Target: SUP1 | Affects: ['ALL']
        BangerELASkill | BANGER | Stacks: 1 | Value: 3.000 | Remaining Turns: 2 | TickDown: SUP1, END | Target: SUP1 | Affects: ['ALL']
        LuochaField | ATK% | Stacks: 1 | Value: 0.000 | Remaining Turns: 1 | TickDown: SUP1, PERM | Target: SUP1 | Affects: ['ALL']
        YaoGuangGreatBoonELA | Elation | Stacks: 1 | Value: 0.500 | Remaining Turns: 1 | TickDown: SUP1, START | Target: SUP1 | Affects: ['ELABANGER']
        ----------End of Buff List----------

        ----------Enemy Debuffs----------
        ----------End of Debuff List----------
        ----------Healing List----------
        ----------End of Healing List----------
    GAUGE  - Enemy 0 toughness reduced by 0.000
    RESULT - AhaYaoGuangGoGo | Aha | SUP1 | DMG: 0.000 | ELADMG: 0.000 | Enemies Hit: [0] | Enemies Broken: [] | WB DMG: 0.000 | Energy: 0.000 | Amount HP Healed: 0.000 | Amount HP Lost: 0.000 | YaoGuang Energy: 32/180
