Enemy Team:
Enemy 0 | LVL: 95 | SPD: 145.2 | Weakness: ['PHYSICAL'] | Toughness: 100
Enemy 1 | LVL: 95 | SPD: 158.4 | Weakness: ['PHYSICAL'] | Toughness: 160
Enemy 2 | LVL: 95 | SPD: 145.2 | Weakness: ['PHYSICAL'] | Toughness: 100

Player Team:
Sparxie E0 | FIRE-ELATION | DPS | POS:0
Dazzled by a Flowery World S1
Scholar lost in Erudition (4-pc)
Rutilant Arena

YaoGuang E0 | PHYSICAL-ELATION | SUP1 | POS:1
When She Decided to See S1
Scholar lost in Erudition (4-pc)
Rutilant Arena

Luocha E0 | IMAGINARY-ABUNDANCE | SUS | POS:3
Cruising in the Stellar Sea S5
Scholar lost in Erudition (4-pc)
Rutilant Arena

Tribbie E0 | QUANTUM-HARMONY | SUP2 | POS:4
Cruising in the Stellar Sea S5
Poet's Dill Wreath (4-pc)
Rutilant Arena


Initial AV Adjustments

Initial Enemy Delays

==========COMBAT SIMULATION STARTED==========

<<< NEW TURN >>>
-   YaoGuang AV: 0.000 ENERGY: 90.000 MaxHP: 3515.711 CurrHp 3515.711
-   Enemy 1 AV: 8.520 ENERGY: 0.000 MaxHP: 1000000.000 CurrHp 1000000.000
-   Luocha AV: 9.519 ENERGY: 50.000 MaxHP: 3764.424 CurrHp 3764.424
-   Enemy 0 AV: 14.259 ENERGY: 0.000 MaxHP: 1000000.000 CurrHp 1000000.000
-   Enemy 2 AV: 14.259 ENERGY: 0.000 MaxHP: 1000000.000 CurrHp 1000000.000
-   Sparxie AV: 18.435 ENERGY: 80.000 MaxHP: 3291.540 CurrHp 3291.540
-   Tribbie AV: 53.008 ENERGY: 60.000 MaxHP: 5643.900 CurrHp 5643.900
-   Aha AV: 70.389 ENERGY: 0.000 MaxHP: 0.000 CurrHp 0.000

    TURN   - SparxieTech | Sparxie | DPS | NA attack | ['FIR'] | ['TECH'] | Scaling: ATK | TargetID: -1 | DMG/BREAK Splits: [0, 0]/[0, 0] | Energy Gained: 0

        ----------Char Buffs----------
        FloweryWorldCD | CD% | Stacks: 1 | Value: 0.480 | Remaining Turns: 1 | TickDown: DPS, PERM | Target: DPS | Affects: ['ALL']
        ScholarCR | CR% | Stacks: 1 | Value: 0.080 | Remaining Turns: 1 | TickDown: DPS, PERM | Target: DPS | Affects: ['ALL']
        RutilantCR | CR% | Stacks: 1 | Value: 0.080 | Remaining Turns: 1 | TickDown: DPS, PERM | Target: DPS | Affects: ['ALL']
        BangerStartBattle | BANGER | Stacks: 1 | Value: 20.000 | Remaining Turns: 2 | TickDown: DPS, END | Target: DPS | Affects: ['ALL']
        SparxieTraceCR | CR% | Stacks: 1 | Value: 0.120 | Remaining Turns: 1 | TickDown: DPS, PERM | Target: DPS | Affects: ['ALL']
        SparxieTraceCD | CD% | Stacks: 1 | Value: 0.133 | Remaining Turns: 1 | TickDown: DPS, PERM | Target: DPS | Affects: ['ALL']
        SparxieTraceELA | Elation | Stacks: 1 | Value: 0.280 | Remaining Turns: 1 | TickDown: DPS, PERM | Target: DPS | Affects: ['ALL']
        YaoGuangTechElaBuff | Elation | Stacks: 1 | Value: 0.200 | Remaining Turns: 3 | TickDown: SUP1, START | Target: DPS | Affects: ['ALL']
        YaoGuangTechPunchline | PUNCH | Stacks: 1 | Value: 3.000 | Remaining Turns: 1 | TickDown: SUP1, START | Target: DPS | Affects: ['ALL']
        Numinosity | PEN | Stacks: 1 | Value: 0.240 | Remaining Turns: 3 | TickDown: SUP2, START | Target: DPS | Affects: ['ALL']
        SparxieATKtoELA | Elation | Stacks: 1 | Value: 0.550 | Remaining Turns: 1 | TickDown: DPS, START | Target: DPS | Affects: ['ALL']
        SparxiePunchtoCD | CD% | Stacks: 1 | Value: 0.000 | Remaining Turns: 1 | TickDown: DPS, START | Target: DPS | Affects: ['ALL']
        YaoGuangTalentELABuff | Elation | Stacks: 1 | Value: 2.300 | Remaining Turns: 3 | TickDown: SUP1, START | Target: DPS | Affects: ['ALL']
        ----------End of Buff List----------

        ----------Enemy Debuffs----------
        ----------End of Debuff List----------
        ----------Healing List----------
        ----------End of Healing List----------
    GAUGE  - Enemy 0 toughness reduced by 0.000
    RESULT - SparxieTech | Sparxie | DPS | DMG: 0.000 | ELADMG: 0.000 | Enemies Hit: [0] | Enemies Broken: [] | WB DMG: 0.000 | Energy: 0.000 | Amount HP Healed: 0.000 | Amount HP Lost: 0.000 | Sparxie Energy: 80/160
Punch    > 3.000 Punchline added to Sparxie from YaoGuangTechPunchline | Sparxie Punchline: 5.000
Punch    > 3.000 Punchline added to YaoGuang from YaoGuangTechPunchline | YaoGuang Punchline: 5.000
Punch    > 3.000 Punchline added to Luocha from YaoGuangTechPunchline | Luocha Punchline: 5.000
Punch    > 3.000 Punchline added to Tribbie from YaoGuangTechPunchline | Tribbie Punchline: 5.000
ERR    > 15.000 energy added to YaoGuang from DecidedToSeeERR | YaoGuang Energy: 105.000
ERR    > 39.432 energy added to YaoGuang from YaoGuangTech | YaoGuang Energy: 144.432
ERR    > 30.000 energy added to Tribbie from TribbieTechniqueBuff | Tribbie Energy: 90.000
