Enemy Team:
Enemy 0 | LVL: 95 | SPD: 158.4 | Weakness: ['PHYSICAL'] | Toughness: 160
Enemy 1 | LVL: 95 | SPD: 145.2 | Weakness: ['PHYSICAL'] | Toughness: 100

Player Team:
Sushang E6 | PHYSICAL-HUNT | DPS | POS:0
Cruising in the Stellar Sea S5
Scholar lost in Erudition (4-pc)
Rutilant Arena

Sparkle E0 | QUANTUM-HARMONY | SUP1 | POS:1
Cruising in the Stellar Sea S5
Scholar lost in Erudition (4-pc)
Rutilant Arena

Luocha E0 | IMAGINARY-HARMONY | SUS | POS:2
Cruising in the Stellar Sea S5
Scholar lost in Erudition (4-pc)
Rutilant Arena

Tingyun E6 | LIGHTNING-HARMONY | SUP2 | POS:3
Cruising in the Stellar Sea S5
Scholar lost in Erudition (4-pc)
Rutilant Arena


Initial AV Adjustments

Initial Enemy Delays

==========COMBAT SIMULATION STARTED==========

<<< NEW TURN >>>
    TURN   - SparkleTechSP | Sparkle | SUP1 | NA attack | ['QUA'] | ['SPECIAL'] | Scaling: ATK | TargetID: -1 | DMG/BREAK Splits: [0, 0]/[0, 0] | Energy Gained: 0
    RESULT - SparkleTechSP | Sparkle | SUP1 | DMG: 0.000 | Enemies Hit: [0] | Enemies Broken: [] | WB DMG: 0.000 | Energy: 0.000 | Sparkle Energy: 55/110
ULT    > Tingyun used their ultimate
    TURN   - TingyunUlt | Tingyun | SUP2 | NA attack | ['LNG'] | ['ULT'] | Scaling: ATK | TargetID: -1 | DMG/BREAK Splits: [0, 0]/[0, 0] | Energy Gained: 5
    RESULT - TingyunUlt | Tingyun | SUP2 | DMG: 0.000 | Enemies Hit: [0] | Enemies Broken: [] | WB DMG: 0.000 | Energy: 5.972 | Tingyun Energy: 6/130
ACTION > [CHAR] TotalAV: 59.090 | TurnAV: 59.090 | Tingyun | E-move
    TURN   - TingyunSkill | Tingyun | SUP2 | NA attack | ['LNG'] | ['SKL'] | Scaling: ATK | TargetID: -1 | DMG/BREAK Splits: [0, 0]/[0, 0] | Energy Gained: 35
    RESULT - TingyunSkill | Tingyun | SUP2 | DMG: 0.000 | Enemies Hit: [0] | Enemies Broken: [] | WB DMG: 0.000 | Energy: 41.804 | Tingyun Energy: 48/130
ULT    > Sushang used their ultimate
    TURN   - SushangUltimate | Sushang | DPS | ST attack | ['PHY'] | ['ULT'] | Scaling: ATK | TargetID: 1 | DMG/BREAK Splits: [3.46, 0]/[30, 0] | Energy Gained: 5
    RESULT - SushangUltimate | Sushang | DPS | DMG: 31212.022 | Enemies Hit: [1] | Enemies Broken: [] | WB DMG: 0.000 | Energy: 5.000 | Sushang Energy: 5/120.0
    TURN   - TYBeneBonus | Tingyun | DPS | SPECIAL attack | ['LNG'] | ['SPECIAL'] | Scaling: ATK | TargetID: 1 | DMG/BREAK Splits: [0.64, 0]/[0, 0] | Energy Gained: 0
    RESULT - TYBeneBonus | Tingyun | DPS | DMG: 4222.003 | Enemies Hit: [1] | Enemies Broken: [] | WB DMG: 0.000 | Energy: 0.000 | Sushang Energy: 5/120.0
AV     > Tingyun AV reset to 52.183 | 191.632 SPD

<<< NEW TURN >>>
ACTION > [CHAR] TotalAV: 62.407 | TurnAV: 3.316 | Sushang | E-move
    TURN   - SushangSkill | Sushang | DPS | ST attack | ['PHY'] | ['SKL'] | Scaling: ATK | TargetID: 1 | DMG/BREAK Splits: [2.31, 0]/[20, 0] | Energy Gained: 30
    RESULT - SushangSkill | Sushang | DPS | DMG: 24864.676 | Enemies Hit: [1] | Enemies Broken: [] | WB DMG: 0.000 | Energy: 30.000 | Sushang Energy: 35/120.0
    TURN   - SushangSwordStance | Sushang | DPS | ST attack | ['PHY'] | ['SKL'] | Scaling: ATK | TargetID: 1 | DMG/BREAK Splits: [0.55, 0]/[0, 0] | Energy Gained: 0
    RESULT - SushangSwordStance | Sushang | DPS | DMG: 5920.161 | Enemies Hit: [1] | Enemies Broken: [] | WB DMG: 0.000 | Energy: 0.000 | Sushang Energy: 35/120.0
    TURN   - TYBeneBonus | Tingyun | DPS | SPECIAL attack | ['LNG'] | ['SPECIAL'] | Scaling: ATK | TargetID: 1 | DMG/BREAK Splits: [0.64, 0]/[0, 0] | Energy Gained: 0
    RESULT - TYBeneBonus | Tingyun | DPS | DMG: 4222.003 | Enemies Hit: [1] | Enemies Broken: [] | WB DMG: 0.000 | Energy: 0.000 | Sushang Energy: 35/120.0
AV     > Sushang AV reset to 62.853 | 159.102 SPD

<<< NEW TURN >>>
ACTION > [ENEMY] TotalAV: 63.131 | TurnAV: 0.725 | Enemy 0 | 1 attacks
    CharEnergy - Sushang: Hit 7.500 Total: 42.500 | Sparkle: Hit 5.000 Total: 60.972 | Luocha: Hit 5.000 Total: 55.972 | Tingyun: Hit 0.000 Total: 47.776 |
AV     > Enemy 0 AV reset to 63.131 | 158.400 SPD

<<< NEW TURN >>>
ACTION > [CHAR] TotalAV: 64.131 | TurnAV: 0.999 | Sparkle | E-move
    TURN   - SparkleSkill | Sparkle | SUP1 | NA attack | ['QUA'] | ['SKL'] | Scaling: ATK | TargetID: -1 | DMG/BREAK Splits: [0, 0]/[0, 0] | Energy Gained: 30
    RESULT - SparkleSkill | Sparkle | SUP1 | DMG: 0.000 | Enemies Hit: [0] | Enemies Broken: [] | WB DMG: 0.000 | Energy: 35.832 | Sparkle Energy: 97/110
AV     > Sparkle AV reset to 64.131 | 155.932 SPD

<<< NEW TURN >>>
ACTION > [CHAR] TotalAV: 64.131 | TurnAV: 0.000 | Luocha | A-move
    TURN   - LuochaAutohealERR | Luocha | SUS | NA attack | ['IMG'] | ['ALL'] | Scaling: ATK | TargetID: -1 | DMG/BREAK Splits: [0, 0]/[0, 0] | Energy Gained: 30
    RESULT - LuochaAutohealERR | Luocha | SUS | DMG: 0.000 | Enemies Hit: [0] | Enemies Broken: [] | WB DMG: 0.000 | Energy: 35.832 | Luocha Energy: 92/100
    TURN   - LuochaBasic | Luocha | SUS | ST attack | ['IMG'] | ['BSC'] | Scaling: ATK | TargetID: 1 | DMG/BREAK Splits: [1.0, 0]/[10, 0] | Energy Gained: 20
    RESULT - LuochaBasic | Luocha | SUS | DMG: 1959.679 | Enemies Hit: [1] | Enemies Broken: [] | WB DMG: 0.000 | Energy: 23.888 | Luocha Energy: 100/100
ULT    > Luocha used their ultimate
    TURN   - LuochaUlt | Luocha | SUS | AOE attack | ['IMG'] | ['ULT'] | Scaling: ATK | TargetID: 1 | DMG/BREAK Splits: [2.0, 0]/[20, 0] | Energy Gained: 5
    RESULT - LuochaUlt | Luocha | SUS | DMG: 7838.715 | Enemies Hit: [0, 1] | Enemies Broken: [] | WB DMG: 0.000 | Energy: 5.972 | Luocha Energy: 6/100
AV     > Luocha AV reset to 64.131 | 155.932 SPD

<<< NEW TURN >>>
ACTION > [ENEMY] TotalAV: 68.871 | TurnAV: 4.740 | Enemy 1 | 1 attacks
    CharEnergy - Sushang: Hit 7.500 Total: 50.000 | Sparkle: Hit 7.500 Total: 105.762 | Luocha: Hit 0.000 Total: 5.972 | Tingyun: Hit 7.500 Total: 47.776 |
AV     > Enemy 1 AV reset to 68.871 | 145.200 SPD

<<< NEW TURN >>>
ACTION > [CHAR] TotalAV: 93.833 | TurnAV: 24.963 | Sushang | E-move
    TURN   - SushangSkill | Sushang | DPS | ST attack | ['PHY'] | ['SKL'] | Scaling: ATK | TargetID: 1 | DMG/BREAK Splits: [2.31, 0]/[20, 0] | Energy Gained: 30
    RESULT - SushangSkill | Sushang | DPS | DMG: 31899.106 | Enemies Hit: [1] | Enemies Broken: [] | WB DMG: 0.000 | Energy: 30.000 | Sushang Energy: 80/120.0
    TURN   - SushangSwordStance | Sushang | DPS | ST attack | ['PHY'] | ['SKL'] | Scaling: ATK | TargetID: 1 | DMG/BREAK Splits: [0.55, 0]/[0, 0] | Energy Gained: 0
    RESULT - SushangSwordStance | Sushang | DPS | DMG: 7595.025 | Enemies Hit: [1] | Enemies Broken: [] | WB DMG: 0.000 | Energy: 0.000 | Sushang Energy: 80/120.0
    TURN   - SushangSwordStance | Sushang | DPS | ST attack | ['PHY'] | ['SKL'] | Scaling: ATK | TargetID: 1 | DMG/BREAK Splits: [0.55, 0]/[0, 0] | Energy Gained: 0
    RESULT - SushangSwordStance | Sushang | DPS | DMG: 7595.025 | Enemies Hit: [1] | Enemies Broken: [] | WB DMG: 0.000 | Energy: 0.000 | Sushang Energy: 80/120.0
    TURN   - TYBeneBonus | Tingyun | DPS | SPECIAL attack | ['LNG'] | ['SPECIAL'] | Scaling: ATK | TargetID: 1 | DMG/BREAK Splits: [0.64, 0]/[0, 0] | Energy Gained: 0
    RESULT - TYBeneBonus | Tingyun | DPS | DMG: 5951.918 | Enemies Hit: [1] | Enemies Broken: [] | WB DMG: 0.000 | Energy: 0.000 | Sushang Energy: 80/120.0
AV     > Sushang AV reset to 73.189 | 136.632 SPD

<<< NEW TURN >>>
ACTION > [CHAR] TotalAV: 111.274 | TurnAV: 17.441 | Tingyun | A-move
    TURN   - TingyunBasic | Tingyun | SUP2 | ST attack | ['LNG'] | ['BSC'] | Scaling: ATK | TargetID: 1 | DMG/BREAK Splits: [1.1, 0]/[10, 0] | Energy Gained: 25
    RESULT - TingyunBasic | Tingyun | SUP2 | DMG: 2857.062 | Enemies Hit: [1] | Enemies Broken: [] | WB DMG: 0.000 | Energy: 29.860 | Tingyun Energy: 78/130
    TURN   - TYAllyBonus | Tingyun | DPS | ST attack | ['LNG'] | ['SPECIAL'] | Scaling: ATK | TargetID: 1 | DMG/BREAK Splits: [0.66, 0]/[0, 0] | Energy Gained: 0
    RESULT - TYAllyBonus | Tingyun | DPS | DMG: 4163.410 | Enemies Hit: [1] | Enemies Broken: [] | WB DMG: 0.000 | Energy: 0.000 | Sushang Energy: 80/120.0
AV     > Tingyun AV reset to 59.090 | 169.232 SPD

<<< NEW TURN >>>
ACTION > [ENEMY] TotalAV: 126.263 | TurnAV: 14.989 | Enemy 0 | 1 attacks
    CharEnergy - Sushang: Hit 7.500 Total: 87.500 | Sparkle: Hit 7.500 Total: 110.000 | Luocha: Hit 0.000 Total: 5.972 | Tingyun: Hit 7.500 Total: 77.636 |
ULT    > Sparkle used their ultimate
    TURN   - SparkleUlt | Sparkle | SUP1 | NA attack | ['QUA'] | ['ULT'] | Scaling: ATK | TargetID: -1 | DMG/BREAK Splits: [0, 0]/[0, 0] | Energy Gained: 5
    RESULT - SparkleUlt | Sparkle | SUP1 | DMG: 0.000 | Enemies Hit: [0] | Enemies Broken: [] | WB DMG: 0.000 | Energy: 5.972 | Sparkle Energy: 6/110
AV     > Enemy 0 AV reset to 63.131 | 158.400 SPD

<<< NEW TURN >>>
ACTION > [CHAR] TotalAV: 128.261 | TurnAV: 1.998 | Luocha | A-move
    TURN   - LuochaBasic | Luocha | SUS | ST attack | ['IMG'] | ['BSC'] | Scaling: ATK | TargetID: 1 | DMG/BREAK Splits: [1.0, 0]/[10, 0] | Energy Gained: 20
    RESULT - LuochaBasic | Luocha | SUS | DMG: 2385.696 | Enemies Hit: [1] | Enemies Broken: [] | WB DMG: 0.000 | Energy: 23.888 | Luocha Energy: 30/100
AV     > Luocha AV reset to 64.131 | 155.932 SPD

<<< NEW TURN >>>
ACTION > [CHAR] TotalAV: 128.261 | TurnAV: 0.000 | Sparkle | E-move
    TURN   - SparkleSkill | Sparkle | SUP1 | NA attack | ['QUA'] | ['SKL'] | Scaling: ATK | TargetID: -1 | DMG/BREAK Splits: [0, 0]/[0, 0] | Energy Gained: 30
    RESULT - SparkleSkill | Sparkle | SUP1 | DMG: 0.000 | Enemies Hit: [0] | Enemies Broken: [] | WB DMG: 0.000 | Energy: 35.832 | Sparkle Energy: 42/110
AV     > Sparkle AV reset to 64.131 | 155.932 SPD

<<< NEW TURN >>>
ACTION > [CHAR] TotalAV: 130.428 | TurnAV: 2.167 | Sushang | E-move
    TURN   - SushangSkill | Sushang | DPS | ST attack | ['PHY'] | ['SKL'] | Scaling: ATK | TargetID: 1 | DMG/BREAK Splits: [2.31, 0]/[20, 0] | Energy Gained: 30
    RESULT - SushangSkill | Sushang | DPS | DMG: 26342.415 | Enemies Hit: [1] | Enemies Broken: [] | WB DMG: 0.000 | Energy: 30.000 | Sushang Energy: 118/120.0
    TURN   - SushangSwordStance | Sushang | DPS | ST attack | ['PHY'] | ['SKL'] | Scaling: ATK | TargetID: 1 | DMG/BREAK Splits: [1.1, 0]/[0, 0] | Energy Gained: 0
    RESULT - SushangSwordStance | Sushang | DPS | DMG: 12544.007 | Enemies Hit: [1] | Enemies Broken: [] | WB DMG: 0.000 | Energy: 0.000 | Sushang Energy: 118/120.0
    TURN   - SushangSwordStance | Sushang | DPS | ST attack | ['PHY'] | ['SKL'] | Scaling: ATK | TargetID: 1 | DMG/BREAK Splits: [0.55, 0]/[0, 0] | Energy Gained: 0
    RESULT - SushangSwordStance | Sushang | DPS | DMG: 6272.004 | Enemies Hit: [1] | Enemies Broken: [] | WB DMG: 0.000 | Energy: 0.000 | Sushang Energy: 118/120.0
    TURN   - SushangSwordStance | Sushang | DPS | ST attack | ['PHY'] | ['SKL'] | Scaling: ATK | TargetID: 1 | DMG/BREAK Splits: [0.55, 0]/[0, 0] | Energy Gained: 0
    RESULT - SushangSwordStance | Sushang | DPS | DMG: 6272.004 | Enemies Hit: [1] | Enemies Broken: [] | WB DMG: 0.000 | Energy: 0.000 | Sushang Energy: 118/120.0
    TURN   - TYBeneBonus | Tingyun | DPS | SPECIAL attack | ['LNG'] | ['SPECIAL'] | Scaling: ATK | TargetID: 1 | DMG/BREAK Splits: [0.64, 0]/[0, 0] | Energy Gained: 0
    RESULT - TYBeneBonus | Tingyun | DPS | DMG: 4809.283 | Enemies Hit: [1] | Enemies Broken: [] | WB DMG: 0.000 | Energy: 0.000 | Sushang Energy: 118/120.0
AV     > Sushang AV reset to 73.189 | 136.632 SPD

<<< NEW TURN >>>
ACTION > [ENEMY] TotalAV: 137.741 | TurnAV: 7.313 | Enemy 1 | 1 attacks
    CharEnergy - Sushang: Hit 5.000 Total: 120.000 | Sparkle: Hit 5.000 Total: 47.776 | Luocha: Hit 5.000 Total: 35.832 | Tingyun: Hit 0.000 Total: 77.636 |
ULT    > Sushang used their ultimate
    TURN   - SushangUltimate | Sushang | DPS | ST attack | ['PHY'] | ['ULT'] | Scaling: ATK | TargetID: 1 | DMG/BREAK Splits: [3.46, 0]/[30, 0] | Energy Gained: 5
    RESULT - SushangUltimate | Sushang | DPS | DMG: 33743.190 | Enemies Hit: [1] | Enemies Broken: [1] | WB DMG: 15946.108 | Energy: 5.000 | Sushang Energy: 5/120.0
    TURN   - TYBeneBonus | Tingyun | DPS | SPECIAL attack | ['LNG'] | ['SPECIAL'] | Scaling: ATK | TargetID: 1 | DMG/BREAK Splits: [0.64, 0]/[0, 0] | Energy Gained: 0
    RESULT - TYBeneBonus | Tingyun | DPS | DMG: 5011.663 | Enemies Hit: [1] | Enemies Broken: [] | WB DMG: 0.000 | Energy: 0.000 | Sushang Energy: 5/120.0
AV     > Enemy 1 AV reset to 68.871 | 145.200 SPD

<<< NEW TURN >>>
ACTION > [CHAR] TotalAV: 170.364 | TurnAV: 32.623 | Tingyun | A-move
    TURN   - TingyunBasic | Tingyun | SUP2 | ST attack | ['LNG'] | ['BSC'] | Scaling: ATK | TargetID: 1 | DMG/BREAK Splits: [1.1, 0]/[10, 0] | Energy Gained: 25
    RESULT - TingyunBasic | Tingyun | SUP2 | DMG: 3686.531 | Enemies Hit: [1] | Enemies Broken: [] | WB DMG: 0.000 | Energy: 29.860 | Tingyun Energy: 107/130
    TURN   - TYAllyBonus | Tingyun | DPS | ST attack | ['LNG'] | ['SPECIAL'] | Scaling: ATK | TargetID: 1 | DMG/BREAK Splits: [0.66, 0]/[0, 0] | Energy Gained: 0
    RESULT - TYAllyBonus | Tingyun | DPS | DMG: 5168.278 | Enemies Hit: [1] | Enemies Broken: [] | WB DMG: 0.000 | Energy: 0.000 | Sushang Energy: 5/120.0
AV     > Tingyun AV reset to 59.090 | 169.232 SPD

<<< NEW TURN >>>
ACTION > [ENEMY] TotalAV: 189.394 | TurnAV: 19.030 | Enemy 0 | 2 attacks
    CharEnergy - Sushang: Hit 10.000 Total: 25.000 | Sparkle: Hit 5.000 Total: 59.720 | Luocha: Hit 5.000 Total: 47.776 | Tingyun: Hit 0.000 Total: 107.495 |
AV     > Enemy 0 AV reset to 63.131 | 158.400 SPD

<<< NEW TURN >>>
ACTION > [CHAR] TotalAV: 192.392 | TurnAV: 2.998 | Sparkle | E-move
    TURN   - SparkleSkill | Sparkle | SUP1 | NA attack | ['QUA'] | ['SKL'] | Scaling: ATK | TargetID: -1 | DMG/BREAK Splits: [0, 0]/[0, 0] | Energy Gained: 30
    RESULT - SparkleSkill | Sparkle | SUP1 | DMG: 0.000 | Enemies Hit: [1] | Enemies Broken: [] | WB DMG: 0.000 | Energy: 35.832 | Sparkle Energy: 96/110
AV     > Sparkle AV reset to 64.131 | 155.932 SPD

<<< NEW TURN >>>
ACTION > [CHAR] TotalAV: 192.392 | TurnAV: 0.000 | Sushang | E-move
    TURN   - SushangSkill | Sushang | DPS | ST attack | ['PHY'] | ['SKL'] | Scaling: ATK | TargetID: 1 | DMG/BREAK Splits: [2.31, 0]/[20, 0] | Energy Gained: 30
    RESULT - SushangSkill | Sushang | DPS | DMG: 30475.762 | Enemies Hit: [1] | Enemies Broken: [] | WB DMG: 0.000 | Energy: 30.000 | Sushang Energy: 55/120.0
    TURN   - Sushange1SP | Sushang | DPS | NA attack | ['PHY'] | ['SKL'] | Scaling: ATK | TargetID: -1 | DMG/BREAK Splits: [0, 0]/[0, 0] | Energy Gained: 0
    RESULT - Sushange1SP | Sushang | DPS | DMG: 0.000 | Enemies Hit: [1] | Enemies Broken: [] | WB DMG: 0.000 | Energy: 0.000 | Sushang Energy: 55/120.0
    TURN   - SushangSwordStance | Sushang | DPS | ST attack | ['PHY'] | ['SKL'] | Scaling: ATK | TargetID: 1 | DMG/BREAK Splits: [1.1, 0]/[0, 0] | Energy Gained: 0
    RESULT - SushangSwordStance | Sushang | DPS | DMG: 14512.268 | Enemies Hit: [1] | Enemies Broken: [] | WB DMG: 0.000 | Energy: 0.000 | Sushang Energy: 55/120.0
    TURN   - SushangSwordStanceExtra | Sushang | DPS | ST attack | ['PHY'] | ['SKL'] | Scaling: ATK | TargetID: 1 | DMG/BREAK Splits: [0.55, 0]/[0, 0] | Energy Gained: 0
    RESULT - SushangSwordStanceExtra | Sushang | DPS | DMG: 7256.134 | Enemies Hit: [1] | Enemies Broken: [] | WB DMG: 0.000 | Energy: 0.000 | Sushang Energy: 55/120.0
    TURN   - SushangSwordStanceExtra | Sushang | DPS | ST attack | ['PHY'] | ['SKL'] | Scaling: ATK | TargetID: 1 | DMG/BREAK Splits: [0.55, 0]/[0, 0] | Energy Gained: 0
    RESULT - SushangSwordStanceExtra | Sushang | DPS | DMG: 7256.134 | Enemies Hit: [1] | Enemies Broken: [] | WB DMG: 0.000 | Energy: 0.000 | Sushang Energy: 55/120.0
    TURN   - TYBeneBonus | Tingyun | DPS | SPECIAL attack | ['LNG'] | ['SPECIAL'] | Scaling: ATK | TargetID: 1 | DMG/BREAK Splits: [0.64, 0]/[0, 0] | Energy Gained: 0
    RESULT - TYBeneBonus | Tingyun | DPS | DMG: 5011.663 | Enemies Hit: [1] | Enemies Broken: [] | WB DMG: 0.000 | Energy: 0.000 | Sushang Energy: 55/120.0
    TURN   - TYBeneBonus | Tingyun | DPS | SPECIAL attack | ['LNG'] | ['SPECIAL'] | Scaling: ATK | TargetID: 1 | DMG/BREAK Splits: [0.64, 0]/[0, 0] | Energy Gained: 0
    RESULT - TYBeneBonus | Tingyun | DPS | DMG: 5011.663 | Enemies Hit: [1] | Enemies Broken: [] | WB DMG: 0.000 | Energy: 0.000 | Sushang Energy: 55/120.0
AV     > Sushang AV reset to 73.189 | 136.632 SPD

<<< NEW TURN >>>
ACTION > [CHAR] TotalAV: 192.392 | TurnAV: 0.000 | Luocha | A-move
    TURN   - LuochaBasic | Luocha | SUS | ST attack | ['IMG'] | ['BSC'] | Scaling: ATK | TargetID: 1 | DMG/BREAK Splits: [1.0, 0]/[10, 0] | Energy Gained: 20
    RESULT - LuochaBasic | Luocha | SUS | DMG: 2650.773 | Enemies Hit: [1] | Enemies Broken: [] | WB DMG: 0.000 | Energy: 23.888 | Luocha Energy: 72/100
AV     > Luocha AV reset to 64.131 | 155.932 SPD

<<< NEW TURN >>>
ACTION > [ENEMY] TotalAV: 223.829 | TurnAV: 31.438 | Enemy 1 | 2 attacks
    CharEnergy - Sushang: Hit 10.000 Total: 75.000 | Sparkle: Hit 15.000 Total: 110.000 | Luocha: Hit 0.000 Total: 71.664 | Tingyun: Hit 15.000 Total: 107.495 |
    DEBUFF - Enemy 1 took 14351.497 Debuff damage from Enemy 1 PHY-break
ULT    > Sparkle used their ultimate
    TURN   - SparkleUlt | Sparkle | SUP1 | NA attack | ['QUA'] | ['ULT'] | Scaling: ATK | TargetID: -1 | DMG/BREAK Splits: [0, 0]/[0, 0] | Energy Gained: 5
    RESULT - SparkleUlt | Sparkle | SUP1 | DMG: 0.000 | Enemies Hit: [0] | Enemies Broken: [] | WB DMG: 0.000 | Energy: 5.972 | Sparkle Energy: 6/110
AV     > Enemy 1 AV reset to 68.871 | 145.200 SPD

<<< NEW TURN >>>
ACTION > [CHAR] TotalAV: 229.455 | TurnAV: 5.626 | Tingyun | E-move
    TURN   - TingyunSkill | Tingyun | SUP2 | NA attack | ['LNG'] | ['SKL'] | Scaling: ATK | TargetID: -1 | DMG/BREAK Splits: [0, 0]/[0, 0] | Energy Gained: 35
    RESULT - TingyunSkill | Tingyun | SUP2 | DMG: 0.000 | Enemies Hit: [0] | Enemies Broken: [] | WB DMG: 0.000 | Energy: 41.804 | Tingyun Energy: 130/130
ULT    > Tingyun used their ultimate
    TURN   - TingyunUlt | Tingyun | SUP2 | NA attack | ['LNG'] | ['ULT'] | Scaling: ATK | TargetID: -1 | DMG/BREAK Splits: [0, 0]/[0, 0] | Energy Gained: 5
    RESULT - TingyunUlt | Tingyun | SUP2 | DMG: 0.000 | Enemies Hit: [0] | Enemies Broken: [] | WB DMG: 0.000 | Energy: 5.972 | Tingyun Energy: 6/130
ULT    > Sushang used their ultimate
    TURN   - SushangUltimate | Sushang | DPS | ST attack | ['PHY'] | ['ULT'] | Scaling: ATK | TargetID: 1 | DMG/BREAK Splits: [3.46, 0]/[30, 0] | Energy Gained: 5
    RESULT - SushangUltimate | Sushang | DPS | DMG: 49669.030 | Enemies Hit: [1] | Enemies Broken: [] | WB DMG: 0.000 | Energy: 5.000 | Sushang Energy: 5/120.0
    TURN   - TYBeneBonus | Tingyun | DPS | SPECIAL attack | ['LNG'] | ['SPECIAL'] | Scaling: ATK | TargetID: 1 | DMG/BREAK Splits: [0.64, 0]/[0, 0] | Energy Gained: 0
    RESULT - TYBeneBonus | Tingyun | DPS | DMG: 6790.688 | Enemies Hit: [1] | Enemies Broken: [] | WB DMG: 0.000 | Energy: 0.000 | Sushang Energy: 5/120.0
AV     > Tingyun AV reset to 52.183 | 191.632 SPD

<<< NEW TURN >>>
ACTION > [ENEMY] TotalAV: 252.525 | TurnAV: 23.070 | Enemy 0 | 1 attacks
    CharEnergy - Sushang: Hit 7.500 Total: 12.500 | Sparkle: Hit 5.000 Total: 11.944 | Luocha: Hit 5.000 Total: 77.636 | Tingyun: Hit 0.000 Total: 5.972 |
AV     > Enemy 0 AV reset to 63.131 | 158.400 SPD

<<< NEW TURN >>>
ACTION > [CHAR] TotalAV: 256.522 | TurnAV: 3.997 | Luocha | A-move
    TURN   - LuochaAutohealERR | Luocha | SUS | NA attack | ['IMG'] | ['ALL'] | Scaling: ATK | TargetID: -1 | DMG/BREAK Splits: [0, 0]/[0, 0] | Energy Gained: 30
    RESULT - LuochaAutohealERR | Luocha | SUS | DMG: 0.000 | Enemies Hit: [0] | Enemies Broken: [] | WB DMG: 0.000 | Energy: 35.832 | Luocha Energy: 100/100
    TURN   - LuochaBasic | Luocha | SUS | ST attack | ['IMG'] | ['BSC'] | Scaling: ATK | TargetID: 1 | DMG/BREAK Splits: [1.0, 0]/[10, 0] | Energy Gained: 20
    RESULT - LuochaBasic | Luocha | SUS | DMG: 2385.696 | Enemies Hit: [1] | Enemies Broken: [] | WB DMG: 0.000 | Energy: 23.888 | Luocha Energy: 100/100
ULT    > Luocha used their ultimate
    TURN   - LuochaUlt | Luocha | SUS | AOE attack | ['IMG'] | ['ULT'] | Scaling: ATK | TargetID: 1 | DMG/BREAK Splits: [2.0, 0]/[20, 0] | Energy Gained: 5
    RESULT - LuochaUlt | Luocha | SUS | DMG: 9542.783 | Enemies Hit: [0, 1] | Enemies Broken: [] | WB DMG: 0.000 | Energy: 5.972 | Luocha Energy: 6/100
AV     > Luocha AV reset to 64.131 | 155.932 SPD

<<< NEW TURN >>>
ACTION > [CHAR] TotalAV: 256.522 | TurnAV: 0.000 | Sparkle | E-move
    TURN   - SparkleSkill | Sparkle | SUP1 | NA attack | ['QUA'] | ['SKL'] | Scaling: ATK | TargetID: -1 | DMG/BREAK Splits: [0, 0]/[0, 0] | Energy Gained: 30
    RESULT - SparkleSkill | Sparkle | SUP1 | DMG: 0.000 | Enemies Hit: [0] | Enemies Broken: [] | WB DMG: 0.000 | Energy: 35.832 | Sparkle Energy: 48/110
AV     > Sparkle AV reset to 64.131 | 155.932 SPD

<<< NEW TURN >>>
ACTION > [CHAR] TotalAV: 256.522 | TurnAV: 0.000 | Sushang | E-move
    TURN   - SushangSkill | Sushang | DPS | ST attack | ['PHY'] | ['SKL'] | Scaling: ATK | TargetID: 1 | DMG/BREAK Splits: [2.31, 0]/[20, 0] | Energy Gained: 30
    RESULT - SushangSkill | Sushang | DPS | DMG: 38836.977 | Enemies Hit: [1] | Enemies Broken: [] | WB DMG: 0.000 | Energy: 30.000 | Sushang Energy: 42/120.0
    TURN   - SushangSwordStance | Sushang | DPS | ST attack | ['PHY'] | ['SKL'] | Scaling: ATK | TargetID: 1 | DMG/BREAK Splits: [1.1, 0]/[0, 0] | Energy Gained: 0
    RESULT - SushangSwordStance | Sushang | DPS | DMG: 18493.799 | Enemies Hit: [1] | Enemies Broken: [] | WB DMG: 0.000 | Energy: 0.000 | Sushang Energy: 42/120.0
    TURN   - TYBeneBonus | Tingyun | DPS | SPECIAL attack | ['LNG'] | ['SPECIAL'] | Scaling: ATK | TargetID: 1 | DMG/BREAK Splits: [0.64, 0]/[0, 0] | Energy Gained: 0
    RESULT - TYBeneBonus | Tingyun | DPS | DMG: 6790.688 | Enemies Hit: [1] | Enemies Broken: [] | WB DMG: 0.000 | Energy: 0.000 | Sushang Energy: 42/120.0
AV     > Sushang AV reset to 73.189 | 136.632 SPD

<<< NEW TURN >>>
ACTION > [CHAR] TotalAV: 281.638 | TurnAV: 25.116 | Tingyun | A-move
    TURN   - TingyunBasic | Tingyun | SUP2 | ST attack | ['LNG'] | ['BSC'] | Scaling: ATK | TargetID: 1 | DMG/BREAK Splits: [1.1, 0]/[10, 0] | Energy Gained: 25
    RESULT - TingyunBasic | Tingyun | SUP2 | DMG: 3317.878 | Enemies Hit: [1] | Enemies Broken: [] | WB DMG: 0.000 | Energy: 29.860 | Tingyun Energy: 36/130
    TURN   - TYAllyBonus | Tingyun | DPS | ST attack | ['LNG'] | ['SPECIAL'] | Scaling: ATK | TargetID: 1 | DMG/BREAK Splits: [0.66, 0]/[0, 0] | Energy Gained: 0
    RESULT - TYAllyBonus | Tingyun | DPS | DMG: 7002.897 | Enemies Hit: [1] | Enemies Broken: [] | WB DMG: 0.000 | Energy: 0.000 | Sushang Energy: 42/120.0
AV     > Tingyun AV reset to 59.090 | 169.232 SPD

<<< NEW TURN >>>
ACTION > [ENEMY] TotalAV: 292.700 | TurnAV: 11.062 | Enemy 1 | 1 attacks
    CharEnergy - Sushang: Hit 7.500 Total: 50.000 | Sparkle: Hit 7.500 Total: 56.734 | Luocha: Hit 0.000 Total: 5.972 | Tingyun: Hit 7.500 Total: 35.832 |
AV     > Enemy 1 AV reset to 68.871 | 145.200 SPD

<<< NEW TURN >>>
ACTION > [ENEMY] TotalAV: 315.657 | TurnAV: 22.957 | Enemy 0 | 1 attacks
    CharEnergy - Sushang: Hit 7.500 Total: 57.500 | Sparkle: Hit 7.500 Total: 65.692 | Luocha: Hit 0.000 Total: 5.972 | Tingyun: Hit 7.500 Total: 35.832 |
AV     > Enemy 0 AV reset to 63.131 | 158.400 SPD

<<< NEW TURN >>>
ACTION > [CHAR] TotalAV: 320.653 | TurnAV: 4.996 | Sparkle | E-move
    TURN   - SparkleSkill | Sparkle | SUP1 | NA attack | ['QUA'] | ['SKL'] | Scaling: ATK | TargetID: -1 | DMG/BREAK Splits: [0, 0]/[0, 0] | Energy Gained: 30
    RESULT - SparkleSkill | Sparkle | SUP1 | DMG: 0.000 | Enemies Hit: [0] | Enemies Broken: [] | WB DMG: 0.000 | Energy: 35.832 | Sparkle Energy: 102/110
AV     > Sparkle AV reset to 64.131 | 155.932 SPD

<<< NEW TURN >>>
ACTION > [CHAR] TotalAV: 320.653 | TurnAV: 0.000 | Sushang | E-move
    TURN   - SushangSkill | Sushang | DPS | ST attack | ['PHY'] | ['SKL'] | Scaling: ATK | TargetID: 1 | DMG/BREAK Splits: [2.31, 0]/[20, 0] | Energy Gained: 30
    RESULT - SushangSkill | Sushang | DPS | DMG: 35683.399 | Enemies Hit: [1] | Enemies Broken: [] | WB DMG: 0.000 | Energy: 30.000 | Sushang Energy: 88/120.0
    TURN   - SushangSwordStance | Sushang | DPS | ST attack | ['PHY'] | ['SKL'] | Scaling: ATK | TargetID: 1 | DMG/BREAK Splits: [0.55, 0]/[0, 0] | Energy Gained: 0
    RESULT - SushangSwordStance | Sushang | DPS | DMG: 8496.047 | Enemies Hit: [1] | Enemies Broken: [] | WB DMG: 0.000 | Energy: 0.000 | Sushang Energy: 88/120.0
    TURN   - TYBeneBonus | Tingyun | DPS | SPECIAL attack | ['LNG'] | ['SPECIAL'] | Scaling: ATK | TargetID: 1 | DMG/BREAK Splits: [0.64, 0]/[0, 0] | Energy Gained: 0
    RESULT - TYBeneBonus | Tingyun | DPS | DMG: 6790.688 | Enemies Hit: [1] | Enemies Broken: [] | WB DMG: 0.000 | Energy: 0.000 | Sushang Energy: 88/120.0
AV     > Sushang AV reset to 73.189 | 136.632 SPD

<<< NEW TURN >>>
ACTION > [CHAR] TotalAV: 320.653 | TurnAV: 0.000 | Luocha | A-move
    TURN   - LuochaBasic | Luocha | SUS | ST attack | ['IMG'] | ['BSC'] | Scaling: ATK | TargetID: 1 | DMG/BREAK Splits: [1.0, 0]/[10, 0] | Energy Gained: 20
    RESULT - LuochaBasic | Luocha | SUS | DMG: 2385.696 | Enemies Hit: [1] | Enemies Broken: [] | WB DMG: 0.000 | Energy: 23.888 | Luocha Energy: 30/100
AV     > Luocha AV reset to 64.131 | 155.932 SPD

<<< NEW TURN >>>
ACTION > [CHAR] TotalAV: 340.729 | TurnAV: 20.076 | Tingyun | A-move
    TURN   - TingyunBasic | Tingyun | SUP2 | ST attack | ['LNG'] | ['BSC'] | Scaling: ATK | TargetID: 1 | DMG/BREAK Splits: [1.1, 0]/[10, 0] | Energy Gained: 25
    RESULT - TingyunBasic | Tingyun | SUP2 | DMG: 2857.062 | Enemies Hit: [1] | Enemies Broken: [] | WB DMG: 0.000 | Energy: 29.860 | Tingyun Energy: 66/130
    TURN   - TYAllyBonus | Tingyun | DPS | ST attack | ['LNG'] | ['SPECIAL'] | Scaling: ATK | TargetID: 1 | DMG/BREAK Splits: [0.66, 0]/[0, 0] | Energy Gained: 0
    RESULT - TYAllyBonus | Tingyun | DPS | DMG: 4163.410 | Enemies Hit: [1] | Enemies Broken: [] | WB DMG: 0.000 | Energy: 0.000 | Sushang Energy: 88/120.0
AV     > Tingyun AV reset to 59.090 | 169.232 SPD

<<< NEW TURN >>>
ACTION > [ENEMY] TotalAV: 361.570 | TurnAV: 20.842 | Enemy 1 | 1 attacks
    CharEnergy - Sushang: Hit 7.500 Total: 95.000 | Sparkle: Hit 8.750 Total: 110.000 | Luocha: Hit 0.000 Total: 29.860 | Tingyun: Hit 8.750 Total: 65.692 |
ULT    > Sparkle used their ultimate
    TURN   - SparkleUlt | Sparkle | SUP1 | NA attack | ['QUA'] | ['ULT'] | Scaling: ATK | TargetID: -1 | DMG/BREAK Splits: [0, 0]/[0, 0] | Energy Gained: 5
    RESULT - SparkleUlt | Sparkle | SUP1 | DMG: 0.000 | Enemies Hit: [0] | Enemies Broken: [] | WB DMG: 0.000 | Energy: 5.972 | Sparkle Energy: 6/110
AV     > Enemy 1 AV reset to 68.871 | 145.200 SPD

<<< NEW TURN >>>
ACTION > [ENEMY] TotalAV: 378.788 | TurnAV: 17.218 | Enemy 0 | 2 attacks
    CharEnergy - Sushang: Hit 10.000 Total: 115.000 | Sparkle: Hit 5.000 Total: 17.916 | Luocha: Hit 5.000 Total: 41.804 | Tingyun: Hit 0.000 Total: 65.692 |
AV     > Enemy 0 AV reset to 63.131 | 158.400 SPD

<<< NEW TURN >>>
ACTION > [CHAR] TotalAV: 384.783 | TurnAV: 5.995 | Luocha | A-move
    TURN   - LuochaBasic | Luocha | SUS | ST attack | ['IMG'] | ['BSC'] | Scaling: ATK | TargetID: 1 | DMG/BREAK Splits: [1.0, 0]/[10, 0] | Energy Gained: 20
    RESULT - LuochaBasic | Luocha | SUS | DMG: 2385.696 | Enemies Hit: [1] | Enemies Broken: [] | WB DMG: 0.000 | Energy: 23.888 | Luocha Energy: 66/100
AV     > Luocha AV reset to 64.131 | 155.932 SPD

<<< NEW TURN >>>
ACTION > [CHAR] TotalAV: 384.783 | TurnAV: 0.000 | Sparkle | E-move
    TURN   - SparkleSkill | Sparkle | SUP1 | NA attack | ['QUA'] | ['SKL'] | Scaling: ATK | TargetID: -1 | DMG/BREAK Splits: [0, 0]/[0, 0] | Energy Gained: 30
    RESULT - SparkleSkill | Sparkle | SUP1 | DMG: 0.000 | Enemies Hit: [0] | Enemies Broken: [] | WB DMG: 0.000 | Energy: 35.832 | Sparkle Energy: 54/110
AV     > Sparkle AV reset to 64.131 | 155.932 SPD

<<< NEW TURN >>>
ACTION > [CHAR] TotalAV: 384.783 | TurnAV: 0.000 | Sushang | E-move
    TURN   - SushangSkill | Sushang | DPS | ST attack | ['PHY'] | ['SKL'] | Scaling: ATK | TargetID: 1 | DMG/BREAK Splits: [2.31, 0]/[20, 0] | Energy Gained: 30
    RESULT - SushangSkill | Sushang | DPS | DMG: 26342.415 | Enemies Hit: [1] | Enemies Broken: [] | WB DMG: 0.000 | Energy: 30.000 | Sushang Energy: 120/120.0
    TURN   - SushangSwordStance | Sushang | DPS | ST attack | ['PHY'] | ['SKL'] | Scaling: ATK | TargetID: 1 | DMG/BREAK Splits: [0.55, 0]/[0, 0] | Energy Gained: 0
    RESULT - SushangSwordStance | Sushang | DPS | DMG: 6272.004 | Enemies Hit: [1] | Enemies Broken: [] | WB DMG: 0.000 | Energy: 0.000 | Sushang Energy: 120/120.0
    TURN   - SushangSwordStance | Sushang | DPS | ST attack | ['PHY'] | ['SKL'] | Scaling: ATK | TargetID: 1 | DMG/BREAK Splits: [0.55, 0]/[0, 0] | Energy Gained: 0
    RESULT - SushangSwordStance | Sushang | DPS | DMG: 6272.004 | Enemies Hit: [1] | Enemies Broken: [] | WB DMG: 0.000 | Energy: 0.000 | Sushang Energy: 120/120.0
    TURN   - TYBeneBonus | Tingyun | DPS | SPECIAL attack | ['LNG'] | ['SPECIAL'] | Scaling: ATK | TargetID: 1 | DMG/BREAK Splits: [0.64, 0]/[0, 0] | Energy Gained: 0
    RESULT - TYBeneBonus | Tingyun | DPS | DMG: 4809.283 | Enemies Hit: [1] | Enemies Broken: [] | WB DMG: 0.000 | Energy: 0.000 | Sushang Energy: 120/120.0
ULT    > Sushang used their ultimate
    TURN   - SushangUltimate | Sushang | DPS | ST attack | ['PHY'] | ['ULT'] | Scaling: ATK | TargetID: 1 | DMG/BREAK Splits: [3.46, 0]/[30, 0] | Energy Gained: 5
    RESULT - SushangUltimate | Sushang | DPS | DMG: 39088.299 | Enemies Hit: [1] | Enemies Broken: [1] | WB DMG: 15946.108 | Energy: 5.000 | Sushang Energy: 5/120.0
    TURN   - TYBeneBonus | Tingyun | DPS | SPECIAL attack | ['LNG'] | ['SPECIAL'] | Scaling: ATK | TargetID: 1 | DMG/BREAK Splits: [0.64, 0]/[0, 0] | Energy Gained: 0
    RESULT - TYBeneBonus | Tingyun | DPS | DMG: 5805.539 | Enemies Hit: [1] | Enemies Broken: [] | WB DMG: 0.000 | Energy: 0.000 | Sushang Energy: 5/120.0
AV     > Sushang AV reset to 73.189 | 136.632 SPD

<<< NEW TURN >>>
ACTION > [CHAR] TotalAV: 399.819 | TurnAV: 15.036 | Tingyun | E-move
    TURN   - TingyunSkill | Tingyun | SUP2 | NA attack | ['LNG'] | ['SKL'] | Scaling: ATK | TargetID: -1 | DMG/BREAK Splits: [0, 0]/[0, 0] | Energy Gained: 35
    RESULT - TingyunSkill | Tingyun | SUP2 | DMG: 0.000 | Enemies Hit: [1] | Enemies Broken: [] | WB DMG: 0.000 | Energy: 41.804 | Tingyun Energy: 107/130
AV     > Tingyun AV reset to 52.183 | 191.632 SPD

<<< NEW TURN >>>
ACTION > [ENEMY] TotalAV: 441.919 | TurnAV: 42.100 | Enemy 0 | 1 attacks
    CharEnergy - Sushang: Hit 7.500 Total: 12.500 | Sparkle: Hit 8.750 Total: 64.199 | Luocha: Hit 0.000 Total: 65.692 | Tingyun: Hit 8.750 Total: 107.495 |
AV     > Enemy 0 AV reset to 63.131 | 158.400 SPD

<<< NEW TURN >>>
ACTION > [ENEMY] TotalAV: 447.658 | TurnAV: 5.739 | Enemy 1 | 2 attacks
    CharEnergy - Sushang: Hit 10.000 Total: 32.500 | Sparkle: Hit 15.000 Total: 100.030 | Luocha: Hit 0.000 Total: 65.692 | Tingyun: Hit 15.000 Total: 107.495 |
    DEBUFF - Enemy 1 took 14351.497 Debuff damage from Enemy 1 PHY-break
AV     > Enemy 1 AV reset to 68.871 | 145.200 SPD

<<< NEW TURN >>>
ACTION > [CHAR] TotalAV: 448.914 | TurnAV: 1.255 | Sparkle | E-move
    TURN   - SparkleSkill | Sparkle | SUP1 | NA attack | ['QUA'] | ['SKL'] | Scaling: ATK | TargetID: -1 | DMG/BREAK Splits: [0, 0]/[0, 0] | Energy Gained: 30
    RESULT - SparkleSkill | Sparkle | SUP1 | DMG: 0.000 | Enemies Hit: [0] | Enemies Broken: [] | WB DMG: 0.000 | Energy: 35.832 | Sparkle Energy: 110/110
ULT    > Sparkle used their ultimate
    TURN   - SparkleUlt | Sparkle | SUP1 | NA attack | ['QUA'] | ['ULT'] | Scaling: ATK | TargetID: -1 | DMG/BREAK Splits: [0, 0]/[0, 0] | Energy Gained: 5
    RESULT - SparkleUlt | Sparkle | SUP1 | DMG: 0.000 | Enemies Hit: [0] | Enemies Broken: [] | WB DMG: 0.000 | Energy: 5.972 | Sparkle Energy: 6/110
AV     > Sparkle AV reset to 64.131 | 155.932 SPD

<<< NEW TURN >>>
ACTION > [CHAR] TotalAV: 448.914 | TurnAV: 0.000 | Sushang | E-move
    TURN   - SushangSkill | Sushang | DPS | ST attack | ['PHY'] | ['SKL'] | Scaling: ATK | TargetID: 1 | DMG/BREAK Splits: [2.31, 0]/[20, 0] | Energy Gained: 30
    RESULT - SushangSkill | Sushang | DPS | DMG: 31772.963 | Enemies Hit: [1] | Enemies Broken: [] | WB DMG: 0.000 | Energy: 30.000 | Sushang Energy: 62/120.0
    TURN   - SushangSwordStance | Sushang | DPS | ST attack | ['PHY'] | ['SKL'] | Scaling: ATK | TargetID: 1 | DMG/BREAK Splits: [0.55, 0]/[0, 0] | Energy Gained: 0
    RESULT - SushangSwordStance | Sushang | DPS | DMG: 7564.991 | Enemies Hit: [1] | Enemies Broken: [] | WB DMG: 0.000 | Energy: 0.000 | Sushang Energy: 62/120.0
    TURN   - TYBeneBonus | Tingyun | DPS | SPECIAL attack | ['LNG'] | ['SPECIAL'] | Scaling: ATK | TargetID: 1 | DMG/BREAK Splits: [0.64, 0]/[0, 0] | Energy Gained: 0
    RESULT - TYBeneBonus | Tingyun | DPS | DMG: 5224.985 | Enemies Hit: [1] | Enemies Broken: [] | WB DMG: 0.000 | Energy: 0.000 | Sushang Energy: 62/120.0
AV     > Sushang AV reset to 73.189 | 136.632 SPD

<<< NEW TURN >>>
ACTION > [CHAR] TotalAV: 448.914 | TurnAV: 0.000 | Luocha | A-move
    TURN   - LuochaAutohealERR | Luocha | SUS | NA attack | ['IMG'] | ['ALL'] | Scaling: ATK | TargetID: -1 | DMG/BREAK Splits: [0, 0]/[0, 0] | Energy Gained: 30
    RESULT - LuochaAutohealERR | Luocha | SUS | DMG: 0.000 | Enemies Hit: [0] | Enemies Broken: [] | WB DMG: 0.000 | Energy: 35.832 | Luocha Energy: 100/100
    TURN   - LuochaBasic | Luocha | SUS | ST attack | ['IMG'] | ['BSC'] | Scaling: ATK | TargetID: 1 | DMG/BREAK Splits: [1.0, 0]/[10, 0] | Energy Gained: 20
    RESULT - LuochaBasic | Luocha | SUS | DMG: 2385.696 | Enemies Hit: [1] | Enemies Broken: [] | WB DMG: 0.000 | Energy: 23.888 | Luocha Energy: 100/100
ULT    > Luocha used their ultimate
    TURN   - LuochaUlt | Luocha | SUS | AOE attack | ['IMG'] | ['ULT'] | Scaling: ATK | TargetID: 1 | DMG/BREAK Splits: [2.0, 0]/[20, 0] | Energy Gained: 5
    RESULT - LuochaUlt | Luocha | SUS | DMG: 9542.783 | Enemies Hit: [0, 1] | Enemies Broken: [] | WB DMG: 0.000 | Energy: 5.972 | Luocha Energy: 6/100
AV     > Luocha AV reset to 64.131 | 155.932 SPD

<<< NEW TURN >>>
ACTION > [CHAR] TotalAV: 452.002 | TurnAV: 3.089 | Tingyun | A-move
    TURN   - TingyunBasic | Tingyun | SUP2 | ST attack | ['LNG'] | ['BSC'] | Scaling: ATK | TargetID: 1 | DMG/BREAK Splits: [1.1, 0]/[10, 0] | Energy Gained: 25
    RESULT - TingyunBasic | Tingyun | SUP2 | DMG: 3317.878 | Enemies Hit: [1] | Enemies Broken: [] | WB DMG: 0.000 | Energy: 29.860 | Tingyun Energy: 130/130
    TURN   - TYAllyBonus | Tingyun | DPS | ST attack | ['LNG'] | ['SPECIAL'] | Scaling: ATK | TargetID: 1 | DMG/BREAK Splits: [0.66, 0]/[0, 0] | Energy Gained: 0
    RESULT - TYAllyBonus | Tingyun | DPS | DMG: 4959.573 | Enemies Hit: [1] | Enemies Broken: [] | WB DMG: 0.000 | Energy: 0.000 | Sushang Energy: 62/120.0
ULT    > Tingyun used their ultimate
    TURN   - TingyunUlt | Tingyun | SUP2 | NA attack | ['LNG'] | ['ULT'] | Scaling: ATK | TargetID: -1 | DMG/BREAK Splits: [0, 0]/[0, 0] | Energy Gained: 5
    RESULT - TingyunUlt | Tingyun | SUP2 | DMG: 0.000 | Enemies Hit: [0] | Enemies Broken: [] | WB DMG: 0.000 | Energy: 5.972 | Tingyun Energy: 6/130
ULT    > Sushang used their ultimate
    TURN   - SushangUltimate | Sushang | DPS | ST attack | ['PHY'] | ['ULT'] | Scaling: ATK | TargetID: 1 | DMG/BREAK Splits: [3.46, 0]/[30, 0] | Energy Gained: 5
    RESULT - SushangUltimate | Sushang | DPS | DMG: 49669.030 | Enemies Hit: [1] | Enemies Broken: [] | WB DMG: 0.000 | Energy: 5.000 | Sushang Energy: 5/120.0
    TURN   - TYBeneBonus | Tingyun | DPS | SPECIAL attack | ['LNG'] | ['SPECIAL'] | Scaling: ATK | TargetID: 1 | DMG/BREAK Splits: [0.64, 0]/[0, 0] | Energy Gained: 0
    RESULT - TYBeneBonus | Tingyun | DPS | DMG: 6790.688 | Enemies Hit: [1] | Enemies Broken: [] | WB DMG: 0.000 | Energy: 0.000 | Sushang Energy: 5/120.0
AV     > Tingyun AV reset to 59.090 | 169.232 SPD

<<< NEW TURN >>>
ACTION > [ENEMY] TotalAV: 505.051 | TurnAV: 53.048 | Enemy 0 | 1 attacks
    CharEnergy - Sushang: Hit 7.500 Total: 12.500 | Sparkle: Hit 7.500 Total: 14.930 | Luocha: Hit 0.000 Total: 5.972 | Tingyun: Hit 7.500 Total: 5.972 |
AV     > Enemy 0 AV reset to 63.131 | 158.400 SPD

<<< NEW TURN >>>
ACTION > [CHAR] TotalAV: 511.093 | TurnAV: 6.042 | Tingyun | A-move
    TURN   - TingyunBasic | Tingyun | SUP2 | ST attack | ['LNG'] | ['BSC'] | Scaling: ATK | TargetID: 1 | DMG/BREAK Splits: [1.1, 0]/[10, 0] | Energy Gained: 25
    RESULT - TingyunBasic | Tingyun | SUP2 | DMG: 3317.878 | Enemies Hit: [1] | Enemies Broken: [] | WB DMG: 0.000 | Energy: 29.860 | Tingyun Energy: 36/130
    TURN   - TYAllyBonus | Tingyun | DPS | ST attack | ['LNG'] | ['SPECIAL'] | Scaling: ATK | TargetID: 1 | DMG/BREAK Splits: [0.66, 0]/[0, 0] | Energy Gained: 0
    RESULT - TYAllyBonus | Tingyun | DPS | DMG: 7002.897 | Enemies Hit: [1] | Enemies Broken: [] | WB DMG: 0.000 | Energy: 0.000 | Sushang Energy: 12/120.0
AV     > Tingyun AV reset to 59.090 | 169.232 SPD

<<< NEW TURN >>>
ACTION > [CHAR] TotalAV: 512.610 | TurnAV: 1.517 | Sushang | E-move
    TURN   - SushangSkill | Sushang | DPS | ST attack | ['PHY'] | ['SKL'] | Scaling: ATK | TargetID: 1 | DMG/BREAK Splits: [2.31, 0]/[20, 0] | Energy Gained: 30
    RESULT - SushangSkill | Sushang | DPS | DMG: 27549.070 | Enemies Hit: [1] | Enemies Broken: [] | WB DMG: 0.000 | Energy: 30.000 | Sushang Energy: 42/120.0
    TURN   - SushangSwordStance | Sushang | DPS | ST attack | ['PHY'] | ['SKL'] | Scaling: ATK | TargetID: 1 | DMG/BREAK Splits: [1.1, 0]/[0, 0] | Energy Gained: 0
    RESULT - SushangSwordStance | Sushang | DPS | DMG: 13118.605 | Enemies Hit: [1] | Enemies Broken: [] | WB DMG: 0.000 | Energy: 0.000 | Sushang Energy: 42/120.0
    TURN   - TYBeneBonus | Tingyun | DPS | SPECIAL attack | ['LNG'] | ['SPECIAL'] | Scaling: ATK | TargetID: 1 | DMG/BREAK Splits: [0.64, 0]/[0, 0] | Energy Gained: 0
    RESULT - TYBeneBonus | Tingyun | DPS | DMG: 4816.985 | Enemies Hit: [1] | Enemies Broken: [] | WB DMG: 0.000 | Energy: 0.000 | Sushang Energy: 42/120.0
AV     > Sushang AV reset to 73.189 | 136.632 SPD

<<< NEW TURN >>>
ACTION > [CHAR] TotalAV: 513.044 | TurnAV: 0.434 | Luocha | A-move
    TURN   - LuochaBasic | Luocha | SUS | ST attack | ['IMG'] | ['BSC'] | Scaling: ATK | TargetID: 1 | DMG/BREAK Splits: [1.0, 0]/[10, 0] | Energy Gained: 20
    RESULT - LuochaBasic | Luocha | SUS | DMG: 2385.696 | Enemies Hit: [1] | Enemies Broken: [] | WB DMG: 0.000 | Energy: 23.888 | Luocha Energy: 30/100
AV     > Luocha AV reset to 64.131 | 155.932 SPD

<<< NEW TURN >>>
ACTION > [CHAR] TotalAV: 513.044 | TurnAV: 0.000 | Sparkle | E-move
    TURN   - SparkleSkill | Sparkle | SUP1 | NA attack | ['QUA'] | ['SKL'] | Scaling: ATK | TargetID: -1 | DMG/BREAK Splits: [0, 0]/[0, 0] | Energy Gained: 30
    RESULT - SparkleSkill | Sparkle | SUP1 | DMG: 0.000 | Enemies Hit: [0] | Enemies Broken: [] | WB DMG: 0.000 | Energy: 35.832 | Sparkle Energy: 51/110
AV     > Sparkle AV reset to 64.131 | 155.932 SPD

<<< NEW TURN >>>
ACTION > [ENEMY] TotalAV: 516.529 | TurnAV: 3.485 | Enemy 1 | 1 attacks
    CharEnergy - Sushang: Hit 7.500 Total: 50.000 | Sparkle: Hit 8.750 Total: 61.213 | Luocha: Hit 5.000 Total: 35.832 | Tingyun: Hit 8.750 Total: 35.832 |
    DEBUFF - Enemy 1 took 14351.497 Debuff damage from Enemy 1 PHY-break
AV     > Enemy 1 AV reset to 68.871 | 145.200 SPD

<<< NEW TURN >>>
ACTION > [CHAR] TotalAV: 549.205 | TurnAV: 32.676 | Sushang | E-move
    TURN   - SushangSkill | Sushang | DPS | ST attack | ['PHY'] | ['SKL'] | Scaling: ATK | TargetID: 1 | DMG/BREAK Splits: [2.31, 0]/[20, 0] | Energy Gained: 30
    RESULT - SushangSkill | Sushang | DPS | DMG: 31899.106 | Enemies Hit: [1] | Enemies Broken: [] | WB DMG: 0.000 | Energy: 30.000 | Sushang Energy: 80/120.0
    TURN   - SushangSwordStance | Sushang | DPS | ST attack | ['PHY'] | ['SKL'] | Scaling: ATK | TargetID: 1 | DMG/BREAK Splits: [0.55, 0]/[0, 0] | Energy Gained: 0
    RESULT - SushangSwordStance | Sushang | DPS | DMG: 7595.025 | Enemies Hit: [1] | Enemies Broken: [] | WB DMG: 0.000 | Energy: 0.000 | Sushang Energy: 80/120.0
    TURN   - TYBeneBonus | Tingyun | DPS | SPECIAL attack | ['LNG'] | ['SPECIAL'] | Scaling: ATK | TargetID: 1 | DMG/BREAK Splits: [0.64, 0]/[0, 0] | Energy Gained: 0
    RESULT - TYBeneBonus | Tingyun | DPS | DMG: 5951.918 | Enemies Hit: [1] | Enemies Broken: [] | WB DMG: 0.000 | Energy: 0.000 | Sushang Energy: 80/120.0
AV     > Sushang AV reset to 73.189 | 136.632 SPD

==========COMBAT SIMULATION ENDED==========

==========SIMULATION RESULTS==========
TOTAL TEAM DMG: 912704.724 | AV: 550
TEAM DPAV: 1659.463
DEBUFF DMG: 43054.492 | CHAR DMG: 837758.017 | WB DMG: 31892.216
SP GAINED: 34 | SP USED: 21 | Enemy Attacks: 19

Sushang DPAV: 1243.591, 74.939%
Sparkle DPAV: 0.000, 0.000%
Luocha DPAV: 83.362, 5.023%
Tingyun DPAV: 35.190, 2.121%

Sushang > Total DMG: 683974.914 | Basics: 0 | Skills: 10 | Ults: 5 | FuAs: 0 | Leftover AV: 73.189 | Excess Energy: 80.000
-BSC: 0.000 | 0.000%
-SKL: 448701.126 | 65.602%
-ULT: 203381.572 | 29.735%
-BRK: 31892.216 | 4.663%
-SBK: 0.000 | 0.000%

Sparkle > Total DMG: 0.000 | Basics: 0 | Skills: 8 | Ults: 4 | FuAs: 0 | Leftover AV: 27.970 | Excess Energy: 61.213
-BSC: 0.000 | 0.000%
-FUA: 0.000 | 0.000%
-SKL: 0.000 | 0.000%
-ULT: 0.000 | 0.000%
-BRK: 0.000 | 0.000%

Luocha > Total DMG: 45848.906 | Basics: 8 | Skills: 0 | Ults: 3 | FuAs: 0 | Leftover AV: 27.970 | Excess Energy: 35.832
-BSC: 18924.626 | 41.276%
-ULT: 26924.280 | 58.724%
-BRK: 0.000 | 0.000%

Tingyun > Total DMG: 19354.289 | Basics: 6 | Skills: 3 | Ults: 3 | FuAs: 0 | Leftover AV: 20.979 | Excess Energy: 35.832
-BSC: 19354.289 | 100.000%
-SPECIAL: 0.000 | 0.000%
-BRK: 0.000 | 0.000%

